<?xml version="1.0" encoding="UTF-8"?>
<robot generator="Robot 3.1.2 (Python 3.7.4 on win32)" generated="20200412 00:41:14.103" rpa="false">
<suite id="s1" name="Maths Operations" source="C:\Users\aruna\eclipse-workspace\RobotProject_practice\maths_operations.robot">
<test id="s1-t1" name="Test div operation">
<kw name="Pass Execution If" library="BuiltIn">
<doc>Conditionally skips rest of the current test, setup, or teardown with PASS status.</doc>
<arguments>
<arg>${number2}==0</arg>
<arg>Encountered Division by zero</arg>
</arguments>
<msg timestamp="20200412 00:41:14.211" level="INFO">Execution passed with message:
Encountered Division by zero</msg>
<status status="PASS" starttime="20200412 00:41:14.211" endtime="20200412 00:41:14.211"></status>
</kw>
<doc>This test will test divison operation</doc>
<status status="PASS" starttime="20200412 00:41:14.210" endtime="20200412 00:41:14.211" critical="yes">Encountered Division by zero</status>
</test>
<test id="s1-t2" name="Test division operation">
<kw name="Run Keyword If" library="BuiltIn">
<doc>Runs the given keyword with the given arguments, if ``condition`` is true.</doc>
<arguments>
<arg>${number3}==0</arg>
<arg>Fail</arg>
<arg>Encountered Division by Zero</arg>
<arg>ELSE</arg>
<arg>Division Operation</arg>
<arg>${number1}</arg>
<arg>${number3}</arg>
</arguments>
<assign>
<var>${result}</var>
</assign>
<kw name="Division Operation" library="maths_op_resource">
<arguments>
<arg>${number1}</arg>
<arg>${number3}</arg>
</arguments>
<kw name="Evaluate" library="BuiltIn">
<doc>Evaluates the given expression in Python and returns the results.</doc>
<arguments>
<arg>${number1}/${number2}</arg>
</arguments>
<assign>
<var>${result}</var>
</assign>
<msg timestamp="20200412 00:41:14.216" level="INFO">${result} = 5.0</msg>
<status status="PASS" starttime="20200412 00:41:14.215" endtime="20200412 00:41:14.216"></status>
</kw>
<status status="PASS" starttime="20200412 00:41:14.214" endtime="20200412 00:41:14.217"></status>
</kw>
<msg timestamp="20200412 00:41:14.217" level="INFO">${result} = 5.0</msg>
<status status="PASS" starttime="20200412 00:41:14.213" endtime="20200412 00:41:14.217"></status>
</kw>
<kw name="Log" library="BuiltIn">
<doc>Logs the given message with the given level.</doc>
<arguments>
<arg>The result of ${number1} divided by ${number3} is ${result}</arg>
</arguments>
<msg timestamp="20200412 00:41:14.218" level="INFO">The result of 10 divided by 2 is 5.0</msg>
<status status="PASS" starttime="20200412 00:41:14.217" endtime="20200412 00:41:14.218"></status>
</kw>
<status status="PASS" starttime="20200412 00:41:14.212" endtime="20200412 00:41:14.218" critical="yes"></status>
</test>
<test id="s1-t3" name="Test average operation">
<kw name="Average Operation" library="maths_op_resource">
<arguments>
<arg>${no_1}</arg>
<arg>${no_2}</arg>
<arg>${no_3}</arg>
<arg>${no_4}</arg>
</arguments>
<assign>
<var>${result_avg}</var>
</assign>
<kw name="Get Length" library="BuiltIn">
<doc>Returns and logs the length of the given item as an integer.</doc>
<arguments>
<arg>${argument_list}</arg>
</arguments>
<assign>
<var>${number_of_arguments}</var>
</assign>
<msg timestamp="20200412 00:41:14.222" level="INFO">Length is 4</msg>
<msg timestamp="20200412 00:41:14.222" level="INFO">${number_of_arguments} = 4</msg>
<status status="PASS" starttime="20200412 00:41:14.221" endtime="20200412 00:41:14.222"></status>
</kw>
<kw name="Set Variable" library="BuiltIn">
<doc>Returns the given values which can then be assigned to a variables.</doc>
<arguments>
<arg>0</arg>
</arguments>
<assign>
<var>${sum}</var>
</assign>
<msg timestamp="20200412 00:41:14.223" level="INFO">${sum} = 0</msg>
<status status="PASS" starttime="20200412 00:41:14.222" endtime="20200412 00:41:14.223"></status>
</kw>
<kw name="${argument} IN [ @{argument_list} ]" type="for">
<kw name="${argument} = 1" type="foritem">
<kw name="Evaluate" library="BuiltIn">
<doc>Evaluates the given expression in Python and returns the results.</doc>
<arguments>
<arg>${sum} + ${argument}</arg>
</arguments>
<assign>
<var>${sum}</var>
</assign>
<msg timestamp="20200412 00:41:14.224" level="INFO">${sum} = 1</msg>
<status status="PASS" starttime="20200412 00:41:14.224" endtime="20200412 00:41:14.224"></status>
</kw>
<status status="PASS" starttime="20200412 00:41:14.224" endtime="20200412 00:41:14.224"></status>
</kw>
<kw name="${argument} = 2" type="foritem">
<kw name="Evaluate" library="BuiltIn">
<doc>Evaluates the given expression in Python and returns the results.</doc>
<arguments>
<arg>${sum} + ${argument}</arg>
</arguments>
<assign>
<var>${sum}</var>
</assign>
<msg timestamp="20200412 00:41:14.225" level="INFO">${sum} = 3</msg>
<status status="PASS" starttime="20200412 00:41:14.224" endtime="20200412 00:41:14.225"></status>
</kw>
<status status="PASS" starttime="20200412 00:41:14.224" endtime="20200412 00:41:14.225"></status>
</kw>
<kw name="${argument} = 3" type="foritem">
<kw name="Evaluate" library="BuiltIn">
<doc>Evaluates the given expression in Python and returns the results.</doc>
<arguments>
<arg>${sum} + ${argument}</arg>
</arguments>
<assign>
<var>${sum}</var>
</assign>
<msg timestamp="20200412 00:41:14.226" level="INFO">${sum} = 6</msg>
<status status="PASS" starttime="20200412 00:41:14.226" endtime="20200412 00:41:14.226"></status>
</kw>
<status status="PASS" starttime="20200412 00:41:14.225" endtime="20200412 00:41:14.227"></status>
</kw>
<kw name="${argument} = 4" type="foritem">
<kw name="Evaluate" library="BuiltIn">
<doc>Evaluates the given expression in Python and returns the results.</doc>
<arguments>
<arg>${sum} + ${argument}</arg>
</arguments>
<assign>
<var>${sum}</var>
</assign>
<msg timestamp="20200412 00:41:14.228" level="INFO">${sum} = 10</msg>
<status status="PASS" starttime="20200412 00:41:14.227" endtime="20200412 00:41:14.228"></status>
</kw>
<status status="PASS" starttime="20200412 00:41:14.227" endtime="20200412 00:41:14.228"></status>
</kw>
<status status="PASS" starttime="20200412 00:41:14.223" endtime="20200412 00:41:14.228"></status>
</kw>
<kw name="Evaluate" library="BuiltIn">
<doc>Evaluates the given expression in Python and returns the results.</doc>
<arguments>
<arg>${sum}/${number_of_arguments}</arg>
</arguments>
<assign>
<var>${average_result}</var>
</assign>
<msg timestamp="20200412 00:41:14.229" level="INFO">${average_result} = 2.5</msg>
<status status="PASS" starttime="20200412 00:41:14.229" endtime="20200412 00:41:14.230"></status>
</kw>
<msg timestamp="20200412 00:41:14.230" level="INFO">${result_avg} = 2.5</msg>
<status status="PASS" starttime="20200412 00:41:14.219" endtime="20200412 00:41:14.230"></status>
</kw>
<kw name="Log" library="BuiltIn">
<doc>Logs the given message with the given level.</doc>
<arguments>
<arg>Average of ${no_1}, ${no_2}, ${no_3}, ${no_4} is ${result_avg}</arg>
</arguments>
<msg timestamp="20200412 00:41:14.231" level="INFO">Average of 1, 2, 3, 4 is 2.5</msg>
<status status="PASS" starttime="20200412 00:41:14.231" endtime="20200412 00:41:14.231"></status>
</kw>
<status status="PASS" starttime="20200412 00:41:14.219" endtime="20200412 00:41:14.232" critical="yes"></status>
</test>
<test id="s1-t4" name="Test avg operation">
<kw name="Average Operation" library="maths_op_resource">
<arguments>
<arg>@{list}</arg>
</arguments>
<assign>
<var>${result_average}</var>
</assign>
<kw name="Get Length" library="BuiltIn">
<doc>Returns and logs the length of the given item as an integer.</doc>
<arguments>
<arg>${argument_list}</arg>
</arguments>
<assign>
<var>${number_of_arguments}</var>
</assign>
<msg timestamp="20200412 00:41:14.232" level="INFO">Length is 6</msg>
<msg timestamp="20200412 00:41:14.233" level="INFO">${number_of_arguments} = 6</msg>
<status status="PASS" starttime="20200412 00:41:14.232" endtime="20200412 00:41:14.233"></status>
</kw>
<kw name="Set Variable" library="BuiltIn">
<doc>Returns the given values which can then be assigned to a variables.</doc>
<arguments>
<arg>0</arg>
</arguments>
<assign>
<var>${sum}</var>
</assign>
<msg timestamp="20200412 00:41:14.235" level="INFO">${sum} = 0</msg>
<status status="PASS" starttime="20200412 00:41:14.233" endtime="20200412 00:41:14.235"></status>
</kw>
<kw name="${argument} IN [ @{argument_list} ]" type="for">
<kw name="${argument} = 1" type="foritem">
<kw name="Evaluate" library="BuiltIn">
<doc>Evaluates the given expression in Python and returns the results.</doc>
<arguments>
<arg>${sum} + ${argument}</arg>
</arguments>
<assign>
<var>${sum}</var>
</assign>
<msg timestamp="20200412 00:41:14.237" level="INFO">${sum} = 1</msg>
<status status="PASS" starttime="20200412 00:41:14.236" endtime="20200412 00:41:14.237"></status>
</kw>
<status status="PASS" starttime="20200412 00:41:14.235" endtime="20200412 00:41:14.237"></status>
</kw>
<kw name="${argument} = 9" type="foritem">
<kw name="Evaluate" library="BuiltIn">
<doc>Evaluates the given expression in Python and returns the results.</doc>
<arguments>
<arg>${sum} + ${argument}</arg>
</arguments>
<assign>
<var>${sum}</var>
</assign>
<msg timestamp="20200412 00:41:14.238" level="INFO">${sum} = 10</msg>
<status status="PASS" starttime="20200412 00:41:14.237" endtime="20200412 00:41:14.238"></status>
</kw>
<status status="PASS" starttime="20200412 00:41:14.237" endtime="20200412 00:41:14.238"></status>
</kw>
<kw name="${argument} = 1" type="foritem">
<kw name="Evaluate" library="BuiltIn">
<doc>Evaluates the given expression in Python and returns the results.</doc>
<arguments>
<arg>${sum} + ${argument}</arg>
</arguments>
<assign>
<var>${sum}</var>
</assign>
<msg timestamp="20200412 00:41:14.240" level="INFO">${sum} = 11</msg>
<status status="PASS" starttime="20200412 00:41:14.238" endtime="20200412 00:41:14.240"></status>
</kw>
<status status="PASS" starttime="20200412 00:41:14.238" endtime="20200412 00:41:14.240"></status>
</kw>
<kw name="${argument} = -1" type="foritem">
<kw name="Evaluate" library="BuiltIn">
<doc>Evaluates the given expression in Python and returns the results.</doc>
<arguments>
<arg>${sum} + ${argument}</arg>
</arguments>
<assign>
<var>${sum}</var>
</assign>
<msg timestamp="20200412 00:41:14.240" level="INFO">${sum} = 10</msg>
<status status="PASS" starttime="20200412 00:41:14.240" endtime="20200412 00:41:14.240"></status>
</kw>
<status status="PASS" starttime="20200412 00:41:14.240" endtime="20200412 00:41:14.240"></status>
</kw>
<kw name="${argument} = 5" type="foritem">
<kw name="Evaluate" library="BuiltIn">
<doc>Evaluates the given expression in Python and returns the results.</doc>
<arguments>
<arg>${sum} + ${argument}</arg>
</arguments>
<assign>
<var>${sum}</var>
</assign>
<msg timestamp="20200412 00:41:14.242" level="INFO">${sum} = 15</msg>
<status status="PASS" starttime="20200412 00:41:14.240" endtime="20200412 00:41:14.242"></status>
</kw>
<status status="PASS" starttime="20200412 00:41:14.240" endtime="20200412 00:41:14.242"></status>
</kw>
<kw name="${argument} = 8" type="foritem">
<kw name="Evaluate" library="BuiltIn">
<doc>Evaluates the given expression in Python and returns the results.</doc>
<arguments>
<arg>${sum} + ${argument}</arg>
</arguments>
<assign>
<var>${sum}</var>
</assign>
<msg timestamp="20200412 00:41:14.244" level="INFO">${sum} = 23</msg>
<status status="PASS" starttime="20200412 00:41:14.242" endtime="20200412 00:41:14.244"></status>
</kw>
<status status="PASS" starttime="20200412 00:41:14.242" endtime="20200412 00:41:14.244"></status>
</kw>
<status status="PASS" starttime="20200412 00:41:14.235" endtime="20200412 00:41:14.245"></status>
</kw>
<kw name="Evaluate" library="BuiltIn">
<doc>Evaluates the given expression in Python and returns the results.</doc>
<arguments>
<arg>${sum}/${number_of_arguments}</arg>
</arguments>
<assign>
<var>${average_result}</var>
</assign>
<msg timestamp="20200412 00:41:14.246" level="INFO">${average_result} = 3.8333333333333335</msg>
<status status="PASS" starttime="20200412 00:41:14.245" endtime="20200412 00:41:14.246"></status>
</kw>
<msg timestamp="20200412 00:41:14.246" level="INFO">${result_average} = 3.8333333333333335</msg>
<status status="PASS" starttime="20200412 00:41:14.232" endtime="20200412 00:41:14.246"></status>
</kw>
<kw name="Log" library="BuiltIn">
<doc>Logs the given message with the given level.</doc>
<arguments>
<arg>Average is ${result_average}</arg>
</arguments>
<msg timestamp="20200412 00:41:14.247" level="INFO">Average is 3.8333333333333335</msg>
<status status="PASS" starttime="20200412 00:41:14.246" endtime="20200412 00:41:14.247"></status>
</kw>
<status status="PASS" starttime="20200412 00:41:14.232" endtime="20200412 00:41:14.247" critical="yes"></status>
</test>
<test id="s1-t5" name="Test max number">
<kw name="Maximum Number Operation" library="maths_op_resource">
<arguments>
<arg>@{list}</arg>
</arguments>
<assign>
<var>${result_max}</var>
</assign>
<kw name="Get Length" library="BuiltIn">
<doc>Returns and logs the length of the given item as an integer.</doc>
<arguments>
<arg>${argument_list}</arg>
</arguments>
<assign>
<var>${number_of_arguments}</var>
</assign>
<msg timestamp="20200412 00:41:14.251" level="INFO">Length is 6</msg>
<msg timestamp="20200412 00:41:14.252" level="INFO">${number_of_arguments} = 6</msg>
<status status="PASS" starttime="20200412 00:41:14.250" endtime="20200412 00:41:14.252"></status>
</kw>
<kw name="Set Variable" library="BuiltIn">
<doc>Returns the given values which can then be assigned to a variables.</doc>
<arguments>
<arg>@{argument_list}[0]</arg>
</arguments>
<assign>
<var>${max}</var>
</assign>
<msg timestamp="20200412 00:41:14.252" level="INFO">${max} = 1</msg>
<status status="PASS" starttime="20200412 00:41:14.252" endtime="20200412 00:41:14.252"></status>
</kw>
<kw name="${argument} IN [ @{argument_list} ]" type="for">
<kw name="${argument} = 1" type="foritem">
<kw name="Run Keyword If" library="BuiltIn">
<doc>Runs the given keyword with the given arguments, if ``condition`` is true.</doc>
<arguments>
<arg>${max}&gt;${argument}</arg>
<arg>Set Variable</arg>
<arg>${max}</arg>
<arg>ELSE</arg>
<arg>Set Variable</arg>
<arg>${argument}</arg>
</arguments>
<assign>
<var>${max}</var>
</assign>
<kw name="Set Variable" library="BuiltIn">
<doc>Returns the given values which can then be assigned to a variables.</doc>
<arguments>
<arg>${argument}</arg>
</arguments>
<status status="PASS" starttime="20200412 00:41:14.255" endtime="20200412 00:41:14.256"></status>
</kw>
<msg timestamp="20200412 00:41:14.256" level="INFO">${max} = 1</msg>
<status status="PASS" starttime="20200412 00:41:14.254" endtime="20200412 00:41:14.256"></status>
</kw>
<status status="PASS" starttime="20200412 00:41:14.253" endtime="20200412 00:41:14.256"></status>
</kw>
<kw name="${argument} = 9" type="foritem">
<kw name="Run Keyword If" library="BuiltIn">
<doc>Runs the given keyword with the given arguments, if ``condition`` is true.</doc>
<arguments>
<arg>${max}&gt;${argument}</arg>
<arg>Set Variable</arg>
<arg>${max}</arg>
<arg>ELSE</arg>
<arg>Set Variable</arg>
<arg>${argument}</arg>
</arguments>
<assign>
<var>${max}</var>
</assign>
<kw name="Set Variable" library="BuiltIn">
<doc>Returns the given values which can then be assigned to a variables.</doc>
<arguments>
<arg>${argument}</arg>
</arguments>
<status status="PASS" starttime="20200412 00:41:14.259" endtime="20200412 00:41:14.259"></status>
</kw>
<msg timestamp="20200412 00:41:14.259" level="INFO">${max} = 9</msg>
<status status="PASS" starttime="20200412 00:41:14.257" endtime="20200412 00:41:14.259"></status>
</kw>
<status status="PASS" starttime="20200412 00:41:14.256" endtime="20200412 00:41:14.259"></status>
</kw>
<kw name="${argument} = 1" type="foritem">
<kw name="Run Keyword If" library="BuiltIn">
<doc>Runs the given keyword with the given arguments, if ``condition`` is true.</doc>
<arguments>
<arg>${max}&gt;${argument}</arg>
<arg>Set Variable</arg>
<arg>${max}</arg>
<arg>ELSE</arg>
<arg>Set Variable</arg>
<arg>${argument}</arg>
</arguments>
<assign>
<var>${max}</var>
</assign>
<kw name="Set Variable" library="BuiltIn">
<doc>Returns the given values which can then be assigned to a variables.</doc>
<arguments>
<arg>${max}</arg>
</arguments>
<status status="PASS" starttime="20200412 00:41:14.261" endtime="20200412 00:41:14.262"></status>
</kw>
<msg timestamp="20200412 00:41:14.262" level="INFO">${max} = 9</msg>
<status status="PASS" starttime="20200412 00:41:14.259" endtime="20200412 00:41:14.262"></status>
</kw>
<status status="PASS" starttime="20200412 00:41:14.259" endtime="20200412 00:41:14.262"></status>
</kw>
<kw name="${argument} = -1" type="foritem">
<kw name="Run Keyword If" library="BuiltIn">
<doc>Runs the given keyword with the given arguments, if ``condition`` is true.</doc>
<arguments>
<arg>${max}&gt;${argument}</arg>
<arg>Set Variable</arg>
<arg>${max}</arg>
<arg>ELSE</arg>
<arg>Set Variable</arg>
<arg>${argument}</arg>
</arguments>
<assign>
<var>${max}</var>
</assign>
<kw name="Set Variable" library="BuiltIn">
<doc>Returns the given values which can then be assigned to a variables.</doc>
<arguments>
<arg>${max}</arg>
</arguments>
<status status="PASS" starttime="20200412 00:41:14.263" endtime="20200412 00:41:14.264"></status>
</kw>
<msg timestamp="20200412 00:41:14.264" level="INFO">${max} = 9</msg>
<status status="PASS" starttime="20200412 00:41:14.262" endtime="20200412 00:41:14.264"></status>
</kw>
<status status="PASS" starttime="20200412 00:41:14.262" endtime="20200412 00:41:14.265"></status>
</kw>
<kw name="${argument} = 5" type="foritem">
<kw name="Run Keyword If" library="BuiltIn">
<doc>Runs the given keyword with the given arguments, if ``condition`` is true.</doc>
<arguments>
<arg>${max}&gt;${argument}</arg>
<arg>Set Variable</arg>
<arg>${max}</arg>
<arg>ELSE</arg>
<arg>Set Variable</arg>
<arg>${argument}</arg>
</arguments>
<assign>
<var>${max}</var>
</assign>
<kw name="Set Variable" library="BuiltIn">
<doc>Returns the given values which can then be assigned to a variables.</doc>
<arguments>
<arg>${max}</arg>
</arguments>
<status status="PASS" starttime="20200412 00:41:14.267" endtime="20200412 00:41:14.267"></status>
</kw>
<msg timestamp="20200412 00:41:14.267" level="INFO">${max} = 9</msg>
<status status="PASS" starttime="20200412 00:41:14.266" endtime="20200412 00:41:14.267"></status>
</kw>
<status status="PASS" starttime="20200412 00:41:14.265" endtime="20200412 00:41:14.267"></status>
</kw>
<kw name="${argument} = 8" type="foritem">
<kw name="Run Keyword If" library="BuiltIn">
<doc>Runs the given keyword with the given arguments, if ``condition`` is true.</doc>
<arguments>
<arg>${max}&gt;${argument}</arg>
<arg>Set Variable</arg>
<arg>${max}</arg>
<arg>ELSE</arg>
<arg>Set Variable</arg>
<arg>${argument}</arg>
</arguments>
<assign>
<var>${max}</var>
</assign>
<kw name="Set Variable" library="BuiltIn">
<doc>Returns the given values which can then be assigned to a variables.</doc>
<arguments>
<arg>${max}</arg>
</arguments>
<status status="PASS" starttime="20200412 00:41:14.269" endtime="20200412 00:41:14.270"></status>
</kw>
<msg timestamp="20200412 00:41:14.270" level="INFO">${max} = 9</msg>
<status status="PASS" starttime="20200412 00:41:14.268" endtime="20200412 00:41:14.271"></status>
</kw>
<status status="PASS" starttime="20200412 00:41:14.267" endtime="20200412 00:41:14.271"></status>
</kw>
<status status="PASS" starttime="20200412 00:41:14.253" endtime="20200412 00:41:14.271"></status>
</kw>
<msg timestamp="20200412 00:41:14.271" level="INFO">${result_max} = 9</msg>
<status status="PASS" starttime="20200412 00:41:14.249" endtime="20200412 00:41:14.271"></status>
</kw>
<kw name="Log" library="BuiltIn">
<doc>Logs the given message with the given level.</doc>
<arguments>
<arg>Maximum number is ${result_max}</arg>
</arguments>
<msg timestamp="20200412 00:41:14.272" level="INFO">Maximum number is 9</msg>
<status status="PASS" starttime="20200412 00:41:14.272" endtime="20200412 00:41:14.272"></status>
</kw>
<status status="PASS" starttime="20200412 00:41:14.248" endtime="20200412 00:41:14.272" critical="yes"></status>
</test>
<test id="s1-t6" name="Test min number">
<kw name="Minimum Number Operation" library="maths_op_resource">
<arguments>
<arg>@{list}</arg>
</arguments>
<assign>
<var>${result_min}</var>
</assign>
<kw name="Get Length" library="BuiltIn">
<doc>Returns and logs the length of the given item as an integer.</doc>
<arguments>
<arg>${argument_list}</arg>
</arguments>
<assign>
<var>${number_of_arguments}</var>
</assign>
<msg timestamp="20200412 00:41:14.274" level="INFO">Length is 6</msg>
<msg timestamp="20200412 00:41:14.274" level="INFO">${number_of_arguments} = 6</msg>
<status status="PASS" starttime="20200412 00:41:14.274" endtime="20200412 00:41:14.274"></status>
</kw>
<kw name="Set Variable" library="BuiltIn">
<doc>Returns the given values which can then be assigned to a variables.</doc>
<arguments>
<arg>@{argument_list}[0]</arg>
</arguments>
<assign>
<var>${min}</var>
</assign>
<msg timestamp="20200412 00:41:14.275" level="INFO">${min} = 1</msg>
<status status="PASS" starttime="20200412 00:41:14.274" endtime="20200412 00:41:14.275"></status>
</kw>
<kw name="${argument} IN [ @{argument_list} ]" type="for">
<kw name="${argument} = 1" type="foritem">
<kw name="Run Keyword If" library="BuiltIn">
<doc>Runs the given keyword with the given arguments, if ``condition`` is true.</doc>
<arguments>
<arg>${min}&lt;${argument}</arg>
<arg>Set Variable</arg>
<arg>${min}</arg>
<arg>ELSE</arg>
<arg>Set Variable</arg>
<arg>${argument}</arg>
</arguments>
<assign>
<var>${min}</var>
</assign>
<kw name="Set Variable" library="BuiltIn">
<doc>Returns the given values which can then be assigned to a variables.</doc>
<arguments>
<arg>${argument}</arg>
</arguments>
<status status="PASS" starttime="20200412 00:41:14.277" endtime="20200412 00:41:14.277"></status>
</kw>
<msg timestamp="20200412 00:41:14.277" level="INFO">${min} = 1</msg>
<status status="PASS" starttime="20200412 00:41:14.275" endtime="20200412 00:41:14.278"></status>
</kw>
<status status="PASS" starttime="20200412 00:41:14.275" endtime="20200412 00:41:14.278"></status>
</kw>
<kw name="${argument} = 9" type="foritem">
<kw name="Run Keyword If" library="BuiltIn">
<doc>Runs the given keyword with the given arguments, if ``condition`` is true.</doc>
<arguments>
<arg>${min}&lt;${argument}</arg>
<arg>Set Variable</arg>
<arg>${min}</arg>
<arg>ELSE</arg>
<arg>Set Variable</arg>
<arg>${argument}</arg>
</arguments>
<assign>
<var>${min}</var>
</assign>
<kw name="Set Variable" library="BuiltIn">
<doc>Returns the given values which can then be assigned to a variables.</doc>
<arguments>
<arg>${min}</arg>
</arguments>
<status status="PASS" starttime="20200412 00:41:14.279" endtime="20200412 00:41:14.280"></status>
</kw>
<msg timestamp="20200412 00:41:14.280" level="INFO">${min} = 1</msg>
<status status="PASS" starttime="20200412 00:41:14.278" endtime="20200412 00:41:14.280"></status>
</kw>
<status status="PASS" starttime="20200412 00:41:14.278" endtime="20200412 00:41:14.280"></status>
</kw>
<kw name="${argument} = 1" type="foritem">
<kw name="Run Keyword If" library="BuiltIn">
<doc>Runs the given keyword with the given arguments, if ``condition`` is true.</doc>
<arguments>
<arg>${min}&lt;${argument}</arg>
<arg>Set Variable</arg>
<arg>${min}</arg>
<arg>ELSE</arg>
<arg>Set Variable</arg>
<arg>${argument}</arg>
</arguments>
<assign>
<var>${min}</var>
</assign>
<kw name="Set Variable" library="BuiltIn">
<doc>Returns the given values which can then be assigned to a variables.</doc>
<arguments>
<arg>${argument}</arg>
</arguments>
<status status="PASS" starttime="20200412 00:41:14.281" endtime="20200412 00:41:14.281"></status>
</kw>
<msg timestamp="20200412 00:41:14.281" level="INFO">${min} = 1</msg>
<status status="PASS" starttime="20200412 00:41:14.280" endtime="20200412 00:41:14.281"></status>
</kw>
<status status="PASS" starttime="20200412 00:41:14.280" endtime="20200412 00:41:14.281"></status>
</kw>
<kw name="${argument} = -1" type="foritem">
<kw name="Run Keyword If" library="BuiltIn">
<doc>Runs the given keyword with the given arguments, if ``condition`` is true.</doc>
<arguments>
<arg>${min}&lt;${argument}</arg>
<arg>Set Variable</arg>
<arg>${min}</arg>
<arg>ELSE</arg>
<arg>Set Variable</arg>
<arg>${argument}</arg>
</arguments>
<assign>
<var>${min}</var>
</assign>
<kw name="Set Variable" library="BuiltIn">
<doc>Returns the given values which can then be assigned to a variables.</doc>
<arguments>
<arg>${argument}</arg>
</arguments>
<status status="PASS" starttime="20200412 00:41:14.282" endtime="20200412 00:41:14.283"></status>
</kw>
<msg timestamp="20200412 00:41:14.283" level="INFO">${min} = -1</msg>
<status status="PASS" starttime="20200412 00:41:14.282" endtime="20200412 00:41:14.283"></status>
</kw>
<status status="PASS" starttime="20200412 00:41:14.281" endtime="20200412 00:41:14.283"></status>
</kw>
<kw name="${argument} = 5" type="foritem">
<kw name="Run Keyword If" library="BuiltIn">
<doc>Runs the given keyword with the given arguments, if ``condition`` is true.</doc>
<arguments>
<arg>${min}&lt;${argument}</arg>
<arg>Set Variable</arg>
<arg>${min}</arg>
<arg>ELSE</arg>
<arg>Set Variable</arg>
<arg>${argument}</arg>
</arguments>
<assign>
<var>${min}</var>
</assign>
<kw name="Set Variable" library="BuiltIn">
<doc>Returns the given values which can then be assigned to a variables.</doc>
<arguments>
<arg>${min}</arg>
</arguments>
<status status="PASS" starttime="20200412 00:41:14.285" endtime="20200412 00:41:14.285"></status>
</kw>
<msg timestamp="20200412 00:41:14.285" level="INFO">${min} = -1</msg>
<status status="PASS" starttime="20200412 00:41:14.285" endtime="20200412 00:41:14.286"></status>
</kw>
<status status="PASS" starttime="20200412 00:41:14.283" endtime="20200412 00:41:14.286"></status>
</kw>
<kw name="${argument} = 8" type="foritem">
<kw name="Run Keyword If" library="BuiltIn">
<doc>Runs the given keyword with the given arguments, if ``condition`` is true.</doc>
<arguments>
<arg>${min}&lt;${argument}</arg>
<arg>Set Variable</arg>
<arg>${min}</arg>
<arg>ELSE</arg>
<arg>Set Variable</arg>
<arg>${argument}</arg>
</arguments>
<assign>
<var>${min}</var>
</assign>
<kw name="Set Variable" library="BuiltIn">
<doc>Returns the given values which can then be assigned to a variables.</doc>
<arguments>
<arg>${min}</arg>
</arguments>
<status status="PASS" starttime="20200412 00:41:14.287" endtime="20200412 00:41:14.288"></status>
</kw>
<msg timestamp="20200412 00:41:14.288" level="INFO">${min} = -1</msg>
<status status="PASS" starttime="20200412 00:41:14.286" endtime="20200412 00:41:14.288"></status>
</kw>
<status status="PASS" starttime="20200412 00:41:14.286" endtime="20200412 00:41:14.288"></status>
</kw>
<status status="PASS" starttime="20200412 00:41:14.275" endtime="20200412 00:41:14.288"></status>
</kw>
<msg timestamp="20200412 00:41:14.288" level="INFO">${result_min} = -1</msg>
<status status="PASS" starttime="20200412 00:41:14.273" endtime="20200412 00:41:14.288"></status>
</kw>
<kw name="Log" library="BuiltIn">
<doc>Logs the given message with the given level.</doc>
<arguments>
<arg>Minimum number is ${result_min}</arg>
</arguments>
<msg timestamp="20200412 00:41:14.289" level="INFO">Minimum number is -1</msg>
<status status="PASS" starttime="20200412 00:41:14.289" endtime="20200412 00:41:14.289"></status>
</kw>
<status status="PASS" starttime="20200412 00:41:14.273" endtime="20200412 00:41:14.289" critical="yes"></status>
</test>
<test id="s1-t7" name="Test Avg, Min and Max">
<kw name="Average Operation" library="maths_op_resource">
<arguments>
<arg>@{list}</arg>
</arguments>
<assign>
<var>${result_average}</var>
</assign>
<kw name="Get Length" library="BuiltIn">
<doc>Returns and logs the length of the given item as an integer.</doc>
<arguments>
<arg>${argument_list}</arg>
</arguments>
<assign>
<var>${number_of_arguments}</var>
</assign>
<msg timestamp="20200412 00:41:14.293" level="INFO">Length is 6</msg>
<msg timestamp="20200412 00:41:14.293" level="INFO">${number_of_arguments} = 6</msg>
<status status="PASS" starttime="20200412 00:41:14.293" endtime="20200412 00:41:14.293"></status>
</kw>
<kw name="Set Variable" library="BuiltIn">
<doc>Returns the given values which can then be assigned to a variables.</doc>
<arguments>
<arg>0</arg>
</arguments>
<assign>
<var>${sum}</var>
</assign>
<msg timestamp="20200412 00:41:14.294" level="INFO">${sum} = 0</msg>
<status status="PASS" starttime="20200412 00:41:14.294" endtime="20200412 00:41:14.294"></status>
</kw>
<kw name="${argument} IN [ @{argument_list} ]" type="for">
<kw name="${argument} = 1" type="foritem">
<kw name="Evaluate" library="BuiltIn">
<doc>Evaluates the given expression in Python and returns the results.</doc>
<arguments>
<arg>${sum} + ${argument}</arg>
</arguments>
<assign>
<var>${sum}</var>
</assign>
<msg timestamp="20200412 00:41:14.295" level="INFO">${sum} = 1</msg>
<status status="PASS" starttime="20200412 00:41:14.294" endtime="20200412 00:41:14.295"></status>
</kw>
<status status="PASS" starttime="20200412 00:41:14.294" endtime="20200412 00:41:14.295"></status>
</kw>
<kw name="${argument} = 9" type="foritem">
<kw name="Evaluate" library="BuiltIn">
<doc>Evaluates the given expression in Python and returns the results.</doc>
<arguments>
<arg>${sum} + ${argument}</arg>
</arguments>
<assign>
<var>${sum}</var>
</assign>
<msg timestamp="20200412 00:41:14.296" level="INFO">${sum} = 10</msg>
<status status="PASS" starttime="20200412 00:41:14.296" endtime="20200412 00:41:14.296"></status>
</kw>
<status status="PASS" starttime="20200412 00:41:14.296" endtime="20200412 00:41:14.296"></status>
</kw>
<kw name="${argument} = 1" type="foritem">
<kw name="Evaluate" library="BuiltIn">
<doc>Evaluates the given expression in Python and returns the results.</doc>
<arguments>
<arg>${sum} + ${argument}</arg>
</arguments>
<assign>
<var>${sum}</var>
</assign>
<msg timestamp="20200412 00:41:14.297" level="INFO">${sum} = 11</msg>
<status status="PASS" starttime="20200412 00:41:14.296" endtime="20200412 00:41:14.297"></status>
</kw>
<status status="PASS" starttime="20200412 00:41:14.296" endtime="20200412 00:41:14.297"></status>
</kw>
<kw name="${argument} = -1" type="foritem">
<kw name="Evaluate" library="BuiltIn">
<doc>Evaluates the given expression in Python and returns the results.</doc>
<arguments>
<arg>${sum} + ${argument}</arg>
</arguments>
<assign>
<var>${sum}</var>
</assign>
<msg timestamp="20200412 00:41:14.299" level="INFO">${sum} = 10</msg>
<status status="PASS" starttime="20200412 00:41:14.298" endtime="20200412 00:41:14.299"></status>
</kw>
<status status="PASS" starttime="20200412 00:41:14.297" endtime="20200412 00:41:14.299"></status>
</kw>
<kw name="${argument} = 5" type="foritem">
<kw name="Evaluate" library="BuiltIn">
<doc>Evaluates the given expression in Python and returns the results.</doc>
<arguments>
<arg>${sum} + ${argument}</arg>
</arguments>
<assign>
<var>${sum}</var>
</assign>
<msg timestamp="20200412 00:41:14.300" level="INFO">${sum} = 15</msg>
<status status="PASS" starttime="20200412 00:41:14.300" endtime="20200412 00:41:14.301"></status>
</kw>
<status status="PASS" starttime="20200412 00:41:14.299" endtime="20200412 00:41:14.301"></status>
</kw>
<kw name="${argument} = 8" type="foritem">
<kw name="Evaluate" library="BuiltIn">
<doc>Evaluates the given expression in Python and returns the results.</doc>
<arguments>
<arg>${sum} + ${argument}</arg>
</arguments>
<assign>
<var>${sum}</var>
</assign>
<msg timestamp="20200412 00:41:14.301" level="INFO">${sum} = 23</msg>
<status status="PASS" starttime="20200412 00:41:14.301" endtime="20200412 00:41:14.302"></status>
</kw>
<status status="PASS" starttime="20200412 00:41:14.301" endtime="20200412 00:41:14.302"></status>
</kw>
<status status="PASS" starttime="20200412 00:41:14.294" endtime="20200412 00:41:14.302"></status>
</kw>
<kw name="Evaluate" library="BuiltIn">
<doc>Evaluates the given expression in Python and returns the results.</doc>
<arguments>
<arg>${sum}/${number_of_arguments}</arg>
</arguments>
<assign>
<var>${average_result}</var>
</assign>
<msg timestamp="20200412 00:41:14.302" level="INFO">${average_result} = 3.8333333333333335</msg>
<status status="PASS" starttime="20200412 00:41:14.302" endtime="20200412 00:41:14.302"></status>
</kw>
<msg timestamp="20200412 00:41:14.303" level="INFO">${result_average} = 3.8333333333333335</msg>
<status status="PASS" starttime="20200412 00:41:14.291" endtime="20200412 00:41:14.303"></status>
</kw>
<kw name="Maximum Number Operation" library="maths_op_resource">
<arguments>
<arg>@{list}</arg>
</arguments>
<assign>
<var>${result_max}</var>
</assign>
<kw name="Get Length" library="BuiltIn">
<doc>Returns and logs the length of the given item as an integer.</doc>
<arguments>
<arg>${argument_list}</arg>
</arguments>
<assign>
<var>${number_of_arguments}</var>
</assign>
<msg timestamp="20200412 00:41:14.305" level="INFO">Length is 6</msg>
<msg timestamp="20200412 00:41:14.305" level="INFO">${number_of_arguments} = 6</msg>
<status status="PASS" starttime="20200412 00:41:14.304" endtime="20200412 00:41:14.305"></status>
</kw>
<kw name="Set Variable" library="BuiltIn">
<doc>Returns the given values which can then be assigned to a variables.</doc>
<arguments>
<arg>@{argument_list}[0]</arg>
</arguments>
<assign>
<var>${max}</var>
</assign>
<msg timestamp="20200412 00:41:14.306" level="INFO">${max} = 1</msg>
<status status="PASS" starttime="20200412 00:41:14.306" endtime="20200412 00:41:14.306"></status>
</kw>
<kw name="${argument} IN [ @{argument_list} ]" type="for">
<kw name="${argument} = 1" type="foritem">
<kw name="Run Keyword If" library="BuiltIn">
<doc>Runs the given keyword with the given arguments, if ``condition`` is true.</doc>
<arguments>
<arg>${max}&gt;${argument}</arg>
<arg>Set Variable</arg>
<arg>${max}</arg>
<arg>ELSE</arg>
<arg>Set Variable</arg>
<arg>${argument}</arg>
</arguments>
<assign>
<var>${max}</var>
</assign>
<kw name="Set Variable" library="BuiltIn">
<doc>Returns the given values which can then be assigned to a variables.</doc>
<arguments>
<arg>${argument}</arg>
</arguments>
<status status="PASS" starttime="20200412 00:41:14.307" endtime="20200412 00:41:14.307"></status>
</kw>
<msg timestamp="20200412 00:41:14.307" level="INFO">${max} = 1</msg>
<status status="PASS" starttime="20200412 00:41:14.307" endtime="20200412 00:41:14.308"></status>
</kw>
<status status="PASS" starttime="20200412 00:41:14.306" endtime="20200412 00:41:14.308"></status>
</kw>
<kw name="${argument} = 9" type="foritem">
<kw name="Run Keyword If" library="BuiltIn">
<doc>Runs the given keyword with the given arguments, if ``condition`` is true.</doc>
<arguments>
<arg>${max}&gt;${argument}</arg>
<arg>Set Variable</arg>
<arg>${max}</arg>
<arg>ELSE</arg>
<arg>Set Variable</arg>
<arg>${argument}</arg>
</arguments>
<assign>
<var>${max}</var>
</assign>
<kw name="Set Variable" library="BuiltIn">
<doc>Returns the given values which can then be assigned to a variables.</doc>
<arguments>
<arg>${argument}</arg>
</arguments>
<status status="PASS" starttime="20200412 00:41:14.309" endtime="20200412 00:41:14.309"></status>
</kw>
<msg timestamp="20200412 00:41:14.309" level="INFO">${max} = 9</msg>
<status status="PASS" starttime="20200412 00:41:14.308" endtime="20200412 00:41:14.309"></status>
</kw>
<status status="PASS" starttime="20200412 00:41:14.308" endtime="20200412 00:41:14.309"></status>
</kw>
<kw name="${argument} = 1" type="foritem">
<kw name="Run Keyword If" library="BuiltIn">
<doc>Runs the given keyword with the given arguments, if ``condition`` is true.</doc>
<arguments>
<arg>${max}&gt;${argument}</arg>
<arg>Set Variable</arg>
<arg>${max}</arg>
<arg>ELSE</arg>
<arg>Set Variable</arg>
<arg>${argument}</arg>
</arguments>
<assign>
<var>${max}</var>
</assign>
<kw name="Set Variable" library="BuiltIn">
<doc>Returns the given values which can then be assigned to a variables.</doc>
<arguments>
<arg>${max}</arg>
</arguments>
<status status="PASS" starttime="20200412 00:41:14.310" endtime="20200412 00:41:14.311"></status>
</kw>
<msg timestamp="20200412 00:41:14.311" level="INFO">${max} = 9</msg>
<status status="PASS" starttime="20200412 00:41:14.310" endtime="20200412 00:41:14.311"></status>
</kw>
<status status="PASS" starttime="20200412 00:41:14.309" endtime="20200412 00:41:14.311"></status>
</kw>
<kw name="${argument} = -1" type="foritem">
<kw name="Run Keyword If" library="BuiltIn">
<doc>Runs the given keyword with the given arguments, if ``condition`` is true.</doc>
<arguments>
<arg>${max}&gt;${argument}</arg>
<arg>Set Variable</arg>
<arg>${max}</arg>
<arg>ELSE</arg>
<arg>Set Variable</arg>
<arg>${argument}</arg>
</arguments>
<assign>
<var>${max}</var>
</assign>
<kw name="Set Variable" library="BuiltIn">
<doc>Returns the given values which can then be assigned to a variables.</doc>
<arguments>
<arg>${max}</arg>
</arguments>
<status status="PASS" starttime="20200412 00:41:14.313" endtime="20200412 00:41:14.313"></status>
</kw>
<msg timestamp="20200412 00:41:14.313" level="INFO">${max} = 9</msg>
<status status="PASS" starttime="20200412 00:41:14.312" endtime="20200412 00:41:14.313"></status>
</kw>
<status status="PASS" starttime="20200412 00:41:14.311" endtime="20200412 00:41:14.313"></status>
</kw>
<kw name="${argument} = 5" type="foritem">
<kw name="Run Keyword If" library="BuiltIn">
<doc>Runs the given keyword with the given arguments, if ``condition`` is true.</doc>
<arguments>
<arg>${max}&gt;${argument}</arg>
<arg>Set Variable</arg>
<arg>${max}</arg>
<arg>ELSE</arg>
<arg>Set Variable</arg>
<arg>${argument}</arg>
</arguments>
<assign>
<var>${max}</var>
</assign>
<kw name="Set Variable" library="BuiltIn">
<doc>Returns the given values which can then be assigned to a variables.</doc>
<arguments>
<arg>${max}</arg>
</arguments>
<status status="PASS" starttime="20200412 00:41:14.314" endtime="20200412 00:41:14.315"></status>
</kw>
<msg timestamp="20200412 00:41:14.315" level="INFO">${max} = 9</msg>
<status status="PASS" starttime="20200412 00:41:14.314" endtime="20200412 00:41:14.315"></status>
</kw>
<status status="PASS" starttime="20200412 00:41:14.313" endtime="20200412 00:41:14.316"></status>
</kw>
<kw name="${argument} = 8" type="foritem">
<kw name="Run Keyword If" library="BuiltIn">
<doc>Runs the given keyword with the given arguments, if ``condition`` is true.</doc>
<arguments>
<arg>${max}&gt;${argument}</arg>
<arg>Set Variable</arg>
<arg>${max}</arg>
<arg>ELSE</arg>
<arg>Set Variable</arg>
<arg>${argument}</arg>
</arguments>
<assign>
<var>${max}</var>
</assign>
<kw name="Set Variable" library="BuiltIn">
<doc>Returns the given values which can then be assigned to a variables.</doc>
<arguments>
<arg>${max}</arg>
</arguments>
<status status="PASS" starttime="20200412 00:41:14.317" endtime="20200412 00:41:14.317"></status>
</kw>
<msg timestamp="20200412 00:41:14.317" level="INFO">${max} = 9</msg>
<status status="PASS" starttime="20200412 00:41:14.316" endtime="20200412 00:41:14.317"></status>
</kw>
<status status="PASS" starttime="20200412 00:41:14.316" endtime="20200412 00:41:14.317"></status>
</kw>
<status status="PASS" starttime="20200412 00:41:14.306" endtime="20200412 00:41:14.317"></status>
</kw>
<msg timestamp="20200412 00:41:14.317" level="INFO">${result_max} = 9</msg>
<status status="PASS" starttime="20200412 00:41:14.303" endtime="20200412 00:41:14.317"></status>
</kw>
<kw name="Minimum Number Operation" library="maths_op_resource">
<arguments>
<arg>@{list}</arg>
</arguments>
<assign>
<var>${result_min}</var>
</assign>
<kw name="Get Length" library="BuiltIn">
<doc>Returns and logs the length of the given item as an integer.</doc>
<arguments>
<arg>${argument_list}</arg>
</arguments>
<assign>
<var>${number_of_arguments}</var>
</assign>
<msg timestamp="20200412 00:41:14.319" level="INFO">Length is 6</msg>
<msg timestamp="20200412 00:41:14.319" level="INFO">${number_of_arguments} = 6</msg>
<status status="PASS" starttime="20200412 00:41:14.319" endtime="20200412 00:41:14.319"></status>
</kw>
<kw name="Set Variable" library="BuiltIn">
<doc>Returns the given values which can then be assigned to a variables.</doc>
<arguments>
<arg>@{argument_list}[0]</arg>
</arguments>
<assign>
<var>${min}</var>
</assign>
<msg timestamp="20200412 00:41:14.320" level="INFO">${min} = 1</msg>
<status status="PASS" starttime="20200412 00:41:14.319" endtime="20200412 00:41:14.320"></status>
</kw>
<kw name="${argument} IN [ @{argument_list} ]" type="for">
<kw name="${argument} = 1" type="foritem">
<kw name="Run Keyword If" library="BuiltIn">
<doc>Runs the given keyword with the given arguments, if ``condition`` is true.</doc>
<arguments>
<arg>${min}&lt;${argument}</arg>
<arg>Set Variable</arg>
<arg>${min}</arg>
<arg>ELSE</arg>
<arg>Set Variable</arg>
<arg>${argument}</arg>
</arguments>
<assign>
<var>${min}</var>
</assign>
<kw name="Set Variable" library="BuiltIn">
<doc>Returns the given values which can then be assigned to a variables.</doc>
<arguments>
<arg>${argument}</arg>
</arguments>
<status status="PASS" starttime="20200412 00:41:14.322" endtime="20200412 00:41:14.323"></status>
</kw>
<msg timestamp="20200412 00:41:14.323" level="INFO">${min} = 1</msg>
<status status="PASS" starttime="20200412 00:41:14.321" endtime="20200412 00:41:14.324"></status>
</kw>
<status status="PASS" starttime="20200412 00:41:14.320" endtime="20200412 00:41:14.324"></status>
</kw>
<kw name="${argument} = 9" type="foritem">
<kw name="Run Keyword If" library="BuiltIn">
<doc>Runs the given keyword with the given arguments, if ``condition`` is true.</doc>
<arguments>
<arg>${min}&lt;${argument}</arg>
<arg>Set Variable</arg>
<arg>${min}</arg>
<arg>ELSE</arg>
<arg>Set Variable</arg>
<arg>${argument}</arg>
</arguments>
<assign>
<var>${min}</var>
</assign>
<kw name="Set Variable" library="BuiltIn">
<doc>Returns the given values which can then be assigned to a variables.</doc>
<arguments>
<arg>${min}</arg>
</arguments>
<status status="PASS" starttime="20200412 00:41:14.324" endtime="20200412 00:41:14.325"></status>
</kw>
<msg timestamp="20200412 00:41:14.325" level="INFO">${min} = 1</msg>
<status status="PASS" starttime="20200412 00:41:14.324" endtime="20200412 00:41:14.325"></status>
</kw>
<status status="PASS" starttime="20200412 00:41:14.324" endtime="20200412 00:41:14.325"></status>
</kw>
<kw name="${argument} = 1" type="foritem">
<kw name="Run Keyword If" library="BuiltIn">
<doc>Runs the given keyword with the given arguments, if ``condition`` is true.</doc>
<arguments>
<arg>${min}&lt;${argument}</arg>
<arg>Set Variable</arg>
<arg>${min}</arg>
<arg>ELSE</arg>
<arg>Set Variable</arg>
<arg>${argument}</arg>
</arguments>
<assign>
<var>${min}</var>
</assign>
<kw name="Set Variable" library="BuiltIn">
<doc>Returns the given values which can then be assigned to a variables.</doc>
<arguments>
<arg>${argument}</arg>
</arguments>
<status status="PASS" starttime="20200412 00:41:14.327" endtime="20200412 00:41:14.327"></status>
</kw>
<msg timestamp="20200412 00:41:14.327" level="INFO">${min} = 1</msg>
<status status="PASS" starttime="20200412 00:41:14.325" endtime="20200412 00:41:14.328"></status>
</kw>
<status status="PASS" starttime="20200412 00:41:14.325" endtime="20200412 00:41:14.328"></status>
</kw>
<kw name="${argument} = -1" type="foritem">
<kw name="Run Keyword If" library="BuiltIn">
<doc>Runs the given keyword with the given arguments, if ``condition`` is true.</doc>
<arguments>
<arg>${min}&lt;${argument}</arg>
<arg>Set Variable</arg>
<arg>${min}</arg>
<arg>ELSE</arg>
<arg>Set Variable</arg>
<arg>${argument}</arg>
</arguments>
<assign>
<var>${min}</var>
</assign>
<kw name="Set Variable" library="BuiltIn">
<doc>Returns the given values which can then be assigned to a variables.</doc>
<arguments>
<arg>${argument}</arg>
</arguments>
<status status="PASS" starttime="20200412 00:41:14.329" endtime="20200412 00:41:14.330"></status>
</kw>
<msg timestamp="20200412 00:41:14.330" level="INFO">${min} = -1</msg>
<status status="PASS" starttime="20200412 00:41:14.328" endtime="20200412 00:41:14.330"></status>
</kw>
<status status="PASS" starttime="20200412 00:41:14.328" endtime="20200412 00:41:14.330"></status>
</kw>
<kw name="${argument} = 5" type="foritem">
<kw name="Run Keyword If" library="BuiltIn">
<doc>Runs the given keyword with the given arguments, if ``condition`` is true.</doc>
<arguments>
<arg>${min}&lt;${argument}</arg>
<arg>Set Variable</arg>
<arg>${min}</arg>
<arg>ELSE</arg>
<arg>Set Variable</arg>
<arg>${argument}</arg>
</arguments>
<assign>
<var>${min}</var>
</assign>
<kw name="Set Variable" library="BuiltIn">
<doc>Returns the given values which can then be assigned to a variables.</doc>
<arguments>
<arg>${min}</arg>
</arguments>
<status status="PASS" starttime="20200412 00:41:14.331" endtime="20200412 00:41:14.331"></status>
</kw>
<msg timestamp="20200412 00:41:14.331" level="INFO">${min} = -1</msg>
<status status="PASS" starttime="20200412 00:41:14.330" endtime="20200412 00:41:14.331"></status>
</kw>
<status status="PASS" starttime="20200412 00:41:14.330" endtime="20200412 00:41:14.331"></status>
</kw>
<kw name="${argument} = 8" type="foritem">
<kw name="Run Keyword If" library="BuiltIn">
<doc>Runs the given keyword with the given arguments, if ``condition`` is true.</doc>
<arguments>
<arg>${min}&lt;${argument}</arg>
<arg>Set Variable</arg>
<arg>${min}</arg>
<arg>ELSE</arg>
<arg>Set Variable</arg>
<arg>${argument}</arg>
</arguments>
<assign>
<var>${min}</var>
</assign>
<kw name="Set Variable" library="BuiltIn">
<doc>Returns the given values which can then be assigned to a variables.</doc>
<arguments>
<arg>${min}</arg>
</arguments>
<status status="PASS" starttime="20200412 00:41:14.333" endtime="20200412 00:41:14.333"></status>
</kw>
<msg timestamp="20200412 00:41:14.333" level="INFO">${min} = -1</msg>
<status status="PASS" starttime="20200412 00:41:14.331" endtime="20200412 00:41:14.333"></status>
</kw>
<status status="PASS" starttime="20200412 00:41:14.331" endtime="20200412 00:41:14.333"></status>
</kw>
<status status="PASS" starttime="20200412 00:41:14.320" endtime="20200412 00:41:14.333"></status>
</kw>
<msg timestamp="20200412 00:41:14.333" level="INFO">${result_min} = -1</msg>
<status status="PASS" starttime="20200412 00:41:14.318" endtime="20200412 00:41:14.333"></status>
</kw>
<kw name="Log" library="BuiltIn">
<doc>Logs the given message with the given level.</doc>
<arguments>
<arg>Data is @{list}</arg>
</arguments>
<msg timestamp="20200412 00:41:14.334" level="INFO">Data is ['1', '9', '1', '-1', '5', '8']</msg>
<status status="PASS" starttime="20200412 00:41:14.334" endtime="20200412 00:41:14.334"></status>
</kw>
<kw name="Log" library="BuiltIn">
<doc>Logs the given message with the given level.</doc>
<arguments>
<arg>Average is ${result_average}</arg>
</arguments>
<msg timestamp="20200412 00:41:14.335" level="INFO">Average is 3.8333333333333335</msg>
<status status="PASS" starttime="20200412 00:41:14.335" endtime="20200412 00:41:14.335"></status>
</kw>
<kw name="Log" library="BuiltIn">
<doc>Logs the given message with the given level.</doc>
<arguments>
<arg>Maximum number is ${result_max}</arg>
</arguments>
<msg timestamp="20200412 00:41:14.336" level="INFO">Maximum number is 9</msg>
<status status="PASS" starttime="20200412 00:41:14.335" endtime="20200412 00:41:14.336"></status>
</kw>
<kw name="Log" library="BuiltIn">
<doc>Logs the given message with the given level.</doc>
<arguments>
<arg>Minimum number is ${result_min}</arg>
</arguments>
<msg timestamp="20200412 00:41:14.337" level="INFO">Minimum number is -1</msg>
<status status="PASS" starttime="20200412 00:41:14.336" endtime="20200412 00:41:14.337"></status>
</kw>
<status status="PASS" starttime="20200412 00:41:14.290" endtime="20200412 00:41:14.337" critical="yes"></status>
</test>
<test id="s1-t8" name="Test mod operation">
<kw name="Modular Operation" library="maths_op_resource">
<arguments>
<arg>${number1}</arg>
<arg>${number3}</arg>
</arguments>
<assign>
<var>${result_mod}</var>
</assign>
<kw name="Evaluate" library="BuiltIn">
<doc>Evaluates the given expression in Python and returns the results.</doc>
<arguments>
<arg>${number1}%${number2}</arg>
</arguments>
<assign>
<var>${result}</var>
</assign>
<msg timestamp="20200412 00:41:14.340" level="INFO">${result} = 0</msg>
<status status="PASS" starttime="20200412 00:41:14.339" endtime="20200412 00:41:14.340"></status>
</kw>
<msg timestamp="20200412 00:41:14.340" level="INFO">${result_mod} = 0</msg>
<status status="PASS" starttime="20200412 00:41:14.339" endtime="20200412 00:41:14.341"></status>
</kw>
<kw name="Log" library="BuiltIn">
<doc>Logs the given message with the given level.</doc>
<arguments>
<arg>The reminder of ${number1} divided by ${number3} is ${result_mod}</arg>
</arguments>
<msg timestamp="20200412 00:41:14.342" level="INFO">The reminder of 10 divided by 2 is 0</msg>
<status status="PASS" starttime="20200412 00:41:14.342" endtime="20200412 00:41:14.342"></status>
</kw>
<status status="PASS" starttime="20200412 00:41:14.338" endtime="20200412 00:41:14.342" critical="yes"></status>
</test>
<status status="PASS" starttime="20200412 00:41:14.106" endtime="20200412 00:41:14.343"></status>
</suite>
<statistics>
<total>
<stat pass="8" fail="0">Critical Tests</stat>
<stat pass="8" fail="0">All Tests</stat>
</total>
<tag>
</tag>
<suite>
<stat pass="8" fail="0" id="s1" name="Maths Operations">Maths Operations</stat>
</suite>
</statistics>
<errors>
</errors>
</robot>
