<?xml version="1.0" encoding="UTF-8"?>
<robot generator="Robot 3.1.2 (Python 3.7.4 on win32)" generated="20200412 19:21:07.063" rpa="false">
<suite id="s1" name="Maths Operations" source="C:\Users\aruna\eclipse-workspace\RobotProject_practice\maths_operations.robot">
<test id="s1-t1" name="Test div operation">
<kw name="Pass Execution If" library="BuiltIn">
<doc>Conditionally skips rest of the current test, setup, or teardown with PASS status.</doc>
<arguments>
<arg>${number2}==0</arg>
<arg>Encountered Division by zero</arg>
</arguments>
<msg timestamp="20200412 19:21:07.094" level="INFO">Execution passed with message:
Encountered Division by zero</msg>
<status status="PASS" starttime="20200412 19:21:07.094" endtime="20200412 19:21:07.094"></status>
</kw>
<doc>This test will test divison operation</doc>
<status status="PASS" starttime="20200412 19:21:07.094" endtime="20200412 19:21:07.094" critical="yes">Encountered Division by zero</status>
</test>
<test id="s1-t2" name="Test division operation">
<kw name="Run Keyword If" library="BuiltIn">
<doc>Runs the given keyword with the given arguments, if ``condition`` is true.</doc>
<arguments>
<arg>${number3}==0</arg>
<arg>Fail</arg>
<arg>Encountered Division by Zero</arg>
<arg>ELSE</arg>
<arg>Division Operation</arg>
<arg>${number1}</arg>
<arg>${number3}</arg>
</arguments>
<assign>
<var>${result}</var>
</assign>
<kw name="Division Operation" library="maths_op_resource">
<arguments>
<arg>${number1}</arg>
<arg>${number3}</arg>
</arguments>
<kw name="Evaluate" library="BuiltIn">
<doc>Evaluates the given expression in Python and returns the results.</doc>
<arguments>
<arg>${number1}/${number2}</arg>
</arguments>
<assign>
<var>${result}</var>
</assign>
<msg timestamp="20200412 19:21:07.094" level="INFO">${result} = 5.0</msg>
<status status="PASS" starttime="20200412 19:21:07.094" endtime="20200412 19:21:07.094"></status>
</kw>
<status status="PASS" starttime="20200412 19:21:07.094" endtime="20200412 19:21:07.094"></status>
</kw>
<msg timestamp="20200412 19:21:07.094" level="INFO">${result} = 5.0</msg>
<status status="PASS" starttime="20200412 19:21:07.094" endtime="20200412 19:21:07.094"></status>
</kw>
<kw name="Log" library="BuiltIn">
<doc>Logs the given message with the given level.</doc>
<arguments>
<arg>The result of ${number1} divided by ${number3} is ${result}</arg>
</arguments>
<msg timestamp="20200412 19:21:07.094" level="INFO">The result of 10 divided by 2 is 5.0</msg>
<status status="PASS" starttime="20200412 19:21:07.094" endtime="20200412 19:21:07.094"></status>
</kw>
<status status="PASS" starttime="20200412 19:21:07.094" endtime="20200412 19:21:07.094" critical="yes"></status>
</test>
<test id="s1-t3" name="Test average operation">
<kw name="Average Operation" library="maths_op_resource">
<arguments>
<arg>${no_1}</arg>
<arg>${no_2}</arg>
<arg>${no_3}</arg>
<arg>${no_4}</arg>
</arguments>
<assign>
<var>${result_avg}</var>
</assign>
<kw name="Get Length" library="BuiltIn">
<doc>Returns and logs the length of the given item as an integer.</doc>
<arguments>
<arg>${argument_list}</arg>
</arguments>
<assign>
<var>${number_of_arguments}</var>
</assign>
<msg timestamp="20200412 19:21:07.094" level="INFO">Length is 4</msg>
<msg timestamp="20200412 19:21:07.094" level="INFO">${number_of_arguments} = 4</msg>
<status status="PASS" starttime="20200412 19:21:07.094" endtime="20200412 19:21:07.094"></status>
</kw>
<kw name="Set Variable" library="BuiltIn">
<doc>Returns the given values which can then be assigned to a variables.</doc>
<arguments>
<arg>0</arg>
</arguments>
<assign>
<var>${sum}</var>
</assign>
<msg timestamp="20200412 19:21:07.094" level="INFO">${sum} = 0</msg>
<status status="PASS" starttime="20200412 19:21:07.094" endtime="20200412 19:21:07.094"></status>
</kw>
<kw name="${argument} IN [ @{argument_list} ]" type="for">
<kw name="${argument} = 1" type="foritem">
<kw name="Evaluate" library="BuiltIn">
<doc>Evaluates the given expression in Python and returns the results.</doc>
<arguments>
<arg>${sum} + ${argument}</arg>
</arguments>
<assign>
<var>${sum}</var>
</assign>
<msg timestamp="20200412 19:21:07.094" level="INFO">${sum} = 1</msg>
<status status="PASS" starttime="20200412 19:21:07.094" endtime="20200412 19:21:07.094"></status>
</kw>
<status status="PASS" starttime="20200412 19:21:07.094" endtime="20200412 19:21:07.094"></status>
</kw>
<kw name="${argument} = 2" type="foritem">
<kw name="Evaluate" library="BuiltIn">
<doc>Evaluates the given expression in Python and returns the results.</doc>
<arguments>
<arg>${sum} + ${argument}</arg>
</arguments>
<assign>
<var>${sum}</var>
</assign>
<msg timestamp="20200412 19:21:07.094" level="INFO">${sum} = 3</msg>
<status status="PASS" starttime="20200412 19:21:07.094" endtime="20200412 19:21:07.094"></status>
</kw>
<status status="PASS" starttime="20200412 19:21:07.094" endtime="20200412 19:21:07.094"></status>
</kw>
<kw name="${argument} = 3" type="foritem">
<kw name="Evaluate" library="BuiltIn">
<doc>Evaluates the given expression in Python and returns the results.</doc>
<arguments>
<arg>${sum} + ${argument}</arg>
</arguments>
<assign>
<var>${sum}</var>
</assign>
<msg timestamp="20200412 19:21:07.094" level="INFO">${sum} = 6</msg>
<status status="PASS" starttime="20200412 19:21:07.094" endtime="20200412 19:21:07.094"></status>
</kw>
<status status="PASS" starttime="20200412 19:21:07.094" endtime="20200412 19:21:07.094"></status>
</kw>
<kw name="${argument} = 4" type="foritem">
<kw name="Evaluate" library="BuiltIn">
<doc>Evaluates the given expression in Python and returns the results.</doc>
<arguments>
<arg>${sum} + ${argument}</arg>
</arguments>
<assign>
<var>${sum}</var>
</assign>
<msg timestamp="20200412 19:21:07.094" level="INFO">${sum} = 10</msg>
<status status="PASS" starttime="20200412 19:21:07.094" endtime="20200412 19:21:07.094"></status>
</kw>
<status status="PASS" starttime="20200412 19:21:07.094" endtime="20200412 19:21:07.094"></status>
</kw>
<status status="PASS" starttime="20200412 19:21:07.094" endtime="20200412 19:21:07.094"></status>
</kw>
<kw name="Evaluate" library="BuiltIn">
<doc>Evaluates the given expression in Python and returns the results.</doc>
<arguments>
<arg>${sum}/${number_of_arguments}</arg>
</arguments>
<assign>
<var>${average_result}</var>
</assign>
<msg timestamp="20200412 19:21:07.094" level="INFO">${average_result} = 2.5</msg>
<status status="PASS" starttime="20200412 19:21:07.094" endtime="20200412 19:21:07.094"></status>
</kw>
<msg timestamp="20200412 19:21:07.094" level="INFO">${result_avg} = 2.5</msg>
<status status="PASS" starttime="20200412 19:21:07.094" endtime="20200412 19:21:07.094"></status>
</kw>
<kw name="Log" library="BuiltIn">
<doc>Logs the given message with the given level.</doc>
<arguments>
<arg>Average of ${no_1}, ${no_2}, ${no_3}, ${no_4} is ${result_avg}</arg>
</arguments>
<msg timestamp="20200412 19:21:07.094" level="INFO">Average of 1, 2, 3, 4 is 2.5</msg>
<status status="PASS" starttime="20200412 19:21:07.094" endtime="20200412 19:21:07.094"></status>
</kw>
<status status="PASS" starttime="20200412 19:21:07.094" endtime="20200412 19:21:07.094" critical="yes"></status>
</test>
<test id="s1-t4" name="Test avg operation">
<kw name="Average Operation" library="maths_op_resource">
<arguments>
<arg>@{list}</arg>
</arguments>
<assign>
<var>${result_average}</var>
</assign>
<kw name="Get Length" library="BuiltIn">
<doc>Returns and logs the length of the given item as an integer.</doc>
<arguments>
<arg>${argument_list}</arg>
</arguments>
<assign>
<var>${number_of_arguments}</var>
</assign>
<msg timestamp="20200412 19:21:07.094" level="INFO">Length is 6</msg>
<msg timestamp="20200412 19:21:07.110" level="INFO">${number_of_arguments} = 6</msg>
<status status="PASS" starttime="20200412 19:21:07.094" endtime="20200412 19:21:07.110"></status>
</kw>
<kw name="Set Variable" library="BuiltIn">
<doc>Returns the given values which can then be assigned to a variables.</doc>
<arguments>
<arg>0</arg>
</arguments>
<assign>
<var>${sum}</var>
</assign>
<msg timestamp="20200412 19:21:07.110" level="INFO">${sum} = 0</msg>
<status status="PASS" starttime="20200412 19:21:07.110" endtime="20200412 19:21:07.110"></status>
</kw>
<kw name="${argument} IN [ @{argument_list} ]" type="for">
<kw name="${argument} = 1" type="foritem">
<kw name="Evaluate" library="BuiltIn">
<doc>Evaluates the given expression in Python and returns the results.</doc>
<arguments>
<arg>${sum} + ${argument}</arg>
</arguments>
<assign>
<var>${sum}</var>
</assign>
<msg timestamp="20200412 19:21:07.110" level="INFO">${sum} = 1</msg>
<status status="PASS" starttime="20200412 19:21:07.110" endtime="20200412 19:21:07.110"></status>
</kw>
<status status="PASS" starttime="20200412 19:21:07.110" endtime="20200412 19:21:07.110"></status>
</kw>
<kw name="${argument} = 9" type="foritem">
<kw name="Evaluate" library="BuiltIn">
<doc>Evaluates the given expression in Python and returns the results.</doc>
<arguments>
<arg>${sum} + ${argument}</arg>
</arguments>
<assign>
<var>${sum}</var>
</assign>
<msg timestamp="20200412 19:21:07.110" level="INFO">${sum} = 10</msg>
<status status="PASS" starttime="20200412 19:21:07.110" endtime="20200412 19:21:07.110"></status>
</kw>
<status status="PASS" starttime="20200412 19:21:07.110" endtime="20200412 19:21:07.110"></status>
</kw>
<kw name="${argument} = 1" type="foritem">
<kw name="Evaluate" library="BuiltIn">
<doc>Evaluates the given expression in Python and returns the results.</doc>
<arguments>
<arg>${sum} + ${argument}</arg>
</arguments>
<assign>
<var>${sum}</var>
</assign>
<msg timestamp="20200412 19:21:07.110" level="INFO">${sum} = 11</msg>
<status status="PASS" starttime="20200412 19:21:07.110" endtime="20200412 19:21:07.110"></status>
</kw>
<status status="PASS" starttime="20200412 19:21:07.110" endtime="20200412 19:21:07.110"></status>
</kw>
<kw name="${argument} = -1" type="foritem">
<kw name="Evaluate" library="BuiltIn">
<doc>Evaluates the given expression in Python and returns the results.</doc>
<arguments>
<arg>${sum} + ${argument}</arg>
</arguments>
<assign>
<var>${sum}</var>
</assign>
<msg timestamp="20200412 19:21:07.110" level="INFO">${sum} = 10</msg>
<status status="PASS" starttime="20200412 19:21:07.110" endtime="20200412 19:21:07.110"></status>
</kw>
<status status="PASS" starttime="20200412 19:21:07.110" endtime="20200412 19:21:07.110"></status>
</kw>
<kw name="${argument} = 5" type="foritem">
<kw name="Evaluate" library="BuiltIn">
<doc>Evaluates the given expression in Python and returns the results.</doc>
<arguments>
<arg>${sum} + ${argument}</arg>
</arguments>
<assign>
<var>${sum}</var>
</assign>
<msg timestamp="20200412 19:21:07.110" level="INFO">${sum} = 15</msg>
<status status="PASS" starttime="20200412 19:21:07.110" endtime="20200412 19:21:07.110"></status>
</kw>
<status status="PASS" starttime="20200412 19:21:07.110" endtime="20200412 19:21:07.110"></status>
</kw>
<kw name="${argument} = 8" type="foritem">
<kw name="Evaluate" library="BuiltIn">
<doc>Evaluates the given expression in Python and returns the results.</doc>
<arguments>
<arg>${sum} + ${argument}</arg>
</arguments>
<assign>
<var>${sum}</var>
</assign>
<msg timestamp="20200412 19:21:07.110" level="INFO">${sum} = 23</msg>
<status status="PASS" starttime="20200412 19:21:07.110" endtime="20200412 19:21:07.110"></status>
</kw>
<status status="PASS" starttime="20200412 19:21:07.110" endtime="20200412 19:21:07.110"></status>
</kw>
<status status="PASS" starttime="20200412 19:21:07.110" endtime="20200412 19:21:07.110"></status>
</kw>
<kw name="Evaluate" library="BuiltIn">
<doc>Evaluates the given expression in Python and returns the results.</doc>
<arguments>
<arg>${sum}/${number_of_arguments}</arg>
</arguments>
<assign>
<var>${average_result}</var>
</assign>
<msg timestamp="20200412 19:21:07.110" level="INFO">${average_result} = 3.8333333333333335</msg>
<status status="PASS" starttime="20200412 19:21:07.110" endtime="20200412 19:21:07.110"></status>
</kw>
<msg timestamp="20200412 19:21:07.110" level="INFO">${result_average} = 3.8333333333333335</msg>
<status status="PASS" starttime="20200412 19:21:07.094" endtime="20200412 19:21:07.110"></status>
</kw>
<kw name="Log" library="BuiltIn">
<doc>Logs the given message with the given level.</doc>
<arguments>
<arg>Average is ${result_average}</arg>
</arguments>
<msg timestamp="20200412 19:21:07.110" level="INFO">Average is 3.8333333333333335</msg>
<status status="PASS" starttime="20200412 19:21:07.110" endtime="20200412 19:21:07.110"></status>
</kw>
<status status="PASS" starttime="20200412 19:21:07.094" endtime="20200412 19:21:07.110" critical="yes"></status>
</test>
<test id="s1-t5" name="Test max number">
<kw name="Maximum Number Operation" library="maths_op_resource">
<arguments>
<arg>@{list}</arg>
</arguments>
<assign>
<var>${result_max}</var>
</assign>
<kw name="Get Length" library="BuiltIn">
<doc>Returns and logs the length of the given item as an integer.</doc>
<arguments>
<arg>${argument_list}</arg>
</arguments>
<assign>
<var>${number_of_arguments}</var>
</assign>
<msg timestamp="20200412 19:21:07.110" level="INFO">Length is 6</msg>
<msg timestamp="20200412 19:21:07.110" level="INFO">${number_of_arguments} = 6</msg>
<status status="PASS" starttime="20200412 19:21:07.110" endtime="20200412 19:21:07.110"></status>
</kw>
<kw name="Set Variable" library="BuiltIn">
<doc>Returns the given values which can then be assigned to a variables.</doc>
<arguments>
<arg>@{argument_list}[0]</arg>
</arguments>
<assign>
<var>${max}</var>
</assign>
<msg timestamp="20200412 19:21:07.110" level="INFO">${max} = 1</msg>
<status status="PASS" starttime="20200412 19:21:07.110" endtime="20200412 19:21:07.110"></status>
</kw>
<kw name="${argument} IN [ @{argument_list} ]" type="for">
<kw name="${argument} = 1" type="foritem">
<kw name="Run Keyword If" library="BuiltIn">
<doc>Runs the given keyword with the given arguments, if ``condition`` is true.</doc>
<arguments>
<arg>${max}&gt;${argument}</arg>
<arg>Set Variable</arg>
<arg>${max}</arg>
<arg>ELSE</arg>
<arg>Set Variable</arg>
<arg>${argument}</arg>
</arguments>
<assign>
<var>${max}</var>
</assign>
<kw name="Set Variable" library="BuiltIn">
<doc>Returns the given values which can then be assigned to a variables.</doc>
<arguments>
<arg>${argument}</arg>
</arguments>
<status status="PASS" starttime="20200412 19:21:07.110" endtime="20200412 19:21:07.110"></status>
</kw>
<msg timestamp="20200412 19:21:07.110" level="INFO">${max} = 1</msg>
<status status="PASS" starttime="20200412 19:21:07.110" endtime="20200412 19:21:07.110"></status>
</kw>
<status status="PASS" starttime="20200412 19:21:07.110" endtime="20200412 19:21:07.110"></status>
</kw>
<kw name="${argument} = 9" type="foritem">
<kw name="Run Keyword If" library="BuiltIn">
<doc>Runs the given keyword with the given arguments, if ``condition`` is true.</doc>
<arguments>
<arg>${max}&gt;${argument}</arg>
<arg>Set Variable</arg>
<arg>${max}</arg>
<arg>ELSE</arg>
<arg>Set Variable</arg>
<arg>${argument}</arg>
</arguments>
<assign>
<var>${max}</var>
</assign>
<kw name="Set Variable" library="BuiltIn">
<doc>Returns the given values which can then be assigned to a variables.</doc>
<arguments>
<arg>${argument}</arg>
</arguments>
<status status="PASS" starttime="20200412 19:21:07.110" endtime="20200412 19:21:07.110"></status>
</kw>
<msg timestamp="20200412 19:21:07.110" level="INFO">${max} = 9</msg>
<status status="PASS" starttime="20200412 19:21:07.110" endtime="20200412 19:21:07.110"></status>
</kw>
<status status="PASS" starttime="20200412 19:21:07.110" endtime="20200412 19:21:07.110"></status>
</kw>
<kw name="${argument} = 1" type="foritem">
<kw name="Run Keyword If" library="BuiltIn">
<doc>Runs the given keyword with the given arguments, if ``condition`` is true.</doc>
<arguments>
<arg>${max}&gt;${argument}</arg>
<arg>Set Variable</arg>
<arg>${max}</arg>
<arg>ELSE</arg>
<arg>Set Variable</arg>
<arg>${argument}</arg>
</arguments>
<assign>
<var>${max}</var>
</assign>
<kw name="Set Variable" library="BuiltIn">
<doc>Returns the given values which can then be assigned to a variables.</doc>
<arguments>
<arg>${max}</arg>
</arguments>
<status status="PASS" starttime="20200412 19:21:07.110" endtime="20200412 19:21:07.110"></status>
</kw>
<msg timestamp="20200412 19:21:07.110" level="INFO">${max} = 9</msg>
<status status="PASS" starttime="20200412 19:21:07.110" endtime="20200412 19:21:07.110"></status>
</kw>
<status status="PASS" starttime="20200412 19:21:07.110" endtime="20200412 19:21:07.110"></status>
</kw>
<kw name="${argument} = -1" type="foritem">
<kw name="Run Keyword If" library="BuiltIn">
<doc>Runs the given keyword with the given arguments, if ``condition`` is true.</doc>
<arguments>
<arg>${max}&gt;${argument}</arg>
<arg>Set Variable</arg>
<arg>${max}</arg>
<arg>ELSE</arg>
<arg>Set Variable</arg>
<arg>${argument}</arg>
</arguments>
<assign>
<var>${max}</var>
</assign>
<kw name="Set Variable" library="BuiltIn">
<doc>Returns the given values which can then be assigned to a variables.</doc>
<arguments>
<arg>${max}</arg>
</arguments>
<status status="PASS" starttime="20200412 19:21:07.110" endtime="20200412 19:21:07.110"></status>
</kw>
<msg timestamp="20200412 19:21:07.110" level="INFO">${max} = 9</msg>
<status status="PASS" starttime="20200412 19:21:07.110" endtime="20200412 19:21:07.110"></status>
</kw>
<status status="PASS" starttime="20200412 19:21:07.110" endtime="20200412 19:21:07.110"></status>
</kw>
<kw name="${argument} = 5" type="foritem">
<kw name="Run Keyword If" library="BuiltIn">
<doc>Runs the given keyword with the given arguments, if ``condition`` is true.</doc>
<arguments>
<arg>${max}&gt;${argument}</arg>
<arg>Set Variable</arg>
<arg>${max}</arg>
<arg>ELSE</arg>
<arg>Set Variable</arg>
<arg>${argument}</arg>
</arguments>
<assign>
<var>${max}</var>
</assign>
<kw name="Set Variable" library="BuiltIn">
<doc>Returns the given values which can then be assigned to a variables.</doc>
<arguments>
<arg>${max}</arg>
</arguments>
<status status="PASS" starttime="20200412 19:21:07.110" endtime="20200412 19:21:07.110"></status>
</kw>
<msg timestamp="20200412 19:21:07.110" level="INFO">${max} = 9</msg>
<status status="PASS" starttime="20200412 19:21:07.110" endtime="20200412 19:21:07.110"></status>
</kw>
<status status="PASS" starttime="20200412 19:21:07.110" endtime="20200412 19:21:07.110"></status>
</kw>
<kw name="${argument} = 8" type="foritem">
<kw name="Run Keyword If" library="BuiltIn">
<doc>Runs the given keyword with the given arguments, if ``condition`` is true.</doc>
<arguments>
<arg>${max}&gt;${argument}</arg>
<arg>Set Variable</arg>
<arg>${max}</arg>
<arg>ELSE</arg>
<arg>Set Variable</arg>
<arg>${argument}</arg>
</arguments>
<assign>
<var>${max}</var>
</assign>
<kw name="Set Variable" library="BuiltIn">
<doc>Returns the given values which can then be assigned to a variables.</doc>
<arguments>
<arg>${max}</arg>
</arguments>
<status status="PASS" starttime="20200412 19:21:07.110" endtime="20200412 19:21:07.110"></status>
</kw>
<msg timestamp="20200412 19:21:07.110" level="INFO">${max} = 9</msg>
<status status="PASS" starttime="20200412 19:21:07.110" endtime="20200412 19:21:07.110"></status>
</kw>
<status status="PASS" starttime="20200412 19:21:07.110" endtime="20200412 19:21:07.110"></status>
</kw>
<status status="PASS" starttime="20200412 19:21:07.110" endtime="20200412 19:21:07.110"></status>
</kw>
<msg timestamp="20200412 19:21:07.110" level="INFO">${result_max} = 9</msg>
<status status="PASS" starttime="20200412 19:21:07.110" endtime="20200412 19:21:07.110"></status>
</kw>
<kw name="Log" library="BuiltIn">
<doc>Logs the given message with the given level.</doc>
<arguments>
<arg>Maximum number is ${result_max}</arg>
</arguments>
<msg timestamp="20200412 19:21:07.110" level="INFO">Maximum number is 9</msg>
<status status="PASS" starttime="20200412 19:21:07.110" endtime="20200412 19:21:07.110"></status>
</kw>
<status status="PASS" starttime="20200412 19:21:07.110" endtime="20200412 19:21:07.110" critical="yes"></status>
</test>
<test id="s1-t6" name="Test min number">
<kw name="Minimum Number Operation" library="maths_op_resource">
<arguments>
<arg>@{list}</arg>
</arguments>
<assign>
<var>${result_min}</var>
</assign>
<kw name="Get Length" library="BuiltIn">
<doc>Returns and logs the length of the given item as an integer.</doc>
<arguments>
<arg>${argument_list}</arg>
</arguments>
<assign>
<var>${number_of_arguments}</var>
</assign>
<msg timestamp="20200412 19:21:07.110" level="INFO">Length is 6</msg>
<msg timestamp="20200412 19:21:07.110" level="INFO">${number_of_arguments} = 6</msg>
<status status="PASS" starttime="20200412 19:21:07.110" endtime="20200412 19:21:07.110"></status>
</kw>
<kw name="Set Variable" library="BuiltIn">
<doc>Returns the given values which can then be assigned to a variables.</doc>
<arguments>
<arg>@{argument_list}[0]</arg>
</arguments>
<assign>
<var>${min}</var>
</assign>
<msg timestamp="20200412 19:21:07.110" level="INFO">${min} = 1</msg>
<status status="PASS" starttime="20200412 19:21:07.110" endtime="20200412 19:21:07.110"></status>
</kw>
<kw name="${argument} IN [ @{argument_list} ]" type="for">
<kw name="${argument} = 1" type="foritem">
<kw name="Run Keyword If" library="BuiltIn">
<doc>Runs the given keyword with the given arguments, if ``condition`` is true.</doc>
<arguments>
<arg>${min}&lt;${argument}</arg>
<arg>Set Variable</arg>
<arg>${min}</arg>
<arg>ELSE</arg>
<arg>Set Variable</arg>
<arg>${argument}</arg>
</arguments>
<assign>
<var>${min}</var>
</assign>
<kw name="Set Variable" library="BuiltIn">
<doc>Returns the given values which can then be assigned to a variables.</doc>
<arguments>
<arg>${argument}</arg>
</arguments>
<status status="PASS" starttime="20200412 19:21:07.110" endtime="20200412 19:21:07.110"></status>
</kw>
<msg timestamp="20200412 19:21:07.110" level="INFO">${min} = 1</msg>
<status status="PASS" starttime="20200412 19:21:07.110" endtime="20200412 19:21:07.110"></status>
</kw>
<status status="PASS" starttime="20200412 19:21:07.110" endtime="20200412 19:21:07.110"></status>
</kw>
<kw name="${argument} = 9" type="foritem">
<kw name="Run Keyword If" library="BuiltIn">
<doc>Runs the given keyword with the given arguments, if ``condition`` is true.</doc>
<arguments>
<arg>${min}&lt;${argument}</arg>
<arg>Set Variable</arg>
<arg>${min}</arg>
<arg>ELSE</arg>
<arg>Set Variable</arg>
<arg>${argument}</arg>
</arguments>
<assign>
<var>${min}</var>
</assign>
<kw name="Set Variable" library="BuiltIn">
<doc>Returns the given values which can then be assigned to a variables.</doc>
<arguments>
<arg>${min}</arg>
</arguments>
<status status="PASS" starttime="20200412 19:21:07.110" endtime="20200412 19:21:07.110"></status>
</kw>
<msg timestamp="20200412 19:21:07.110" level="INFO">${min} = 1</msg>
<status status="PASS" starttime="20200412 19:21:07.110" endtime="20200412 19:21:07.110"></status>
</kw>
<status status="PASS" starttime="20200412 19:21:07.110" endtime="20200412 19:21:07.110"></status>
</kw>
<kw name="${argument} = 1" type="foritem">
<kw name="Run Keyword If" library="BuiltIn">
<doc>Runs the given keyword with the given arguments, if ``condition`` is true.</doc>
<arguments>
<arg>${min}&lt;${argument}</arg>
<arg>Set Variable</arg>
<arg>${min}</arg>
<arg>ELSE</arg>
<arg>Set Variable</arg>
<arg>${argument}</arg>
</arguments>
<assign>
<var>${min}</var>
</assign>
<kw name="Set Variable" library="BuiltIn">
<doc>Returns the given values which can then be assigned to a variables.</doc>
<arguments>
<arg>${argument}</arg>
</arguments>
<status status="PASS" starttime="20200412 19:21:07.110" endtime="20200412 19:21:07.110"></status>
</kw>
<msg timestamp="20200412 19:21:07.110" level="INFO">${min} = 1</msg>
<status status="PASS" starttime="20200412 19:21:07.110" endtime="20200412 19:21:07.110"></status>
</kw>
<status status="PASS" starttime="20200412 19:21:07.110" endtime="20200412 19:21:07.110"></status>
</kw>
<kw name="${argument} = -1" type="foritem">
<kw name="Run Keyword If" library="BuiltIn">
<doc>Runs the given keyword with the given arguments, if ``condition`` is true.</doc>
<arguments>
<arg>${min}&lt;${argument}</arg>
<arg>Set Variable</arg>
<arg>${min}</arg>
<arg>ELSE</arg>
<arg>Set Variable</arg>
<arg>${argument}</arg>
</arguments>
<assign>
<var>${min}</var>
</assign>
<kw name="Set Variable" library="BuiltIn">
<doc>Returns the given values which can then be assigned to a variables.</doc>
<arguments>
<arg>${argument}</arg>
</arguments>
<status status="PASS" starttime="20200412 19:21:07.110" endtime="20200412 19:21:07.110"></status>
</kw>
<msg timestamp="20200412 19:21:07.110" level="INFO">${min} = -1</msg>
<status status="PASS" starttime="20200412 19:21:07.110" endtime="20200412 19:21:07.110"></status>
</kw>
<status status="PASS" starttime="20200412 19:21:07.110" endtime="20200412 19:21:07.110"></status>
</kw>
<kw name="${argument} = 5" type="foritem">
<kw name="Run Keyword If" library="BuiltIn">
<doc>Runs the given keyword with the given arguments, if ``condition`` is true.</doc>
<arguments>
<arg>${min}&lt;${argument}</arg>
<arg>Set Variable</arg>
<arg>${min}</arg>
<arg>ELSE</arg>
<arg>Set Variable</arg>
<arg>${argument}</arg>
</arguments>
<assign>
<var>${min}</var>
</assign>
<kw name="Set Variable" library="BuiltIn">
<doc>Returns the given values which can then be assigned to a variables.</doc>
<arguments>
<arg>${min}</arg>
</arguments>
<status status="PASS" starttime="20200412 19:21:07.110" endtime="20200412 19:21:07.110"></status>
</kw>
<msg timestamp="20200412 19:21:07.110" level="INFO">${min} = -1</msg>
<status status="PASS" starttime="20200412 19:21:07.110" endtime="20200412 19:21:07.110"></status>
</kw>
<status status="PASS" starttime="20200412 19:21:07.110" endtime="20200412 19:21:07.110"></status>
</kw>
<kw name="${argument} = 8" type="foritem">
<kw name="Run Keyword If" library="BuiltIn">
<doc>Runs the given keyword with the given arguments, if ``condition`` is true.</doc>
<arguments>
<arg>${min}&lt;${argument}</arg>
<arg>Set Variable</arg>
<arg>${min}</arg>
<arg>ELSE</arg>
<arg>Set Variable</arg>
<arg>${argument}</arg>
</arguments>
<assign>
<var>${min}</var>
</assign>
<kw name="Set Variable" library="BuiltIn">
<doc>Returns the given values which can then be assigned to a variables.</doc>
<arguments>
<arg>${min}</arg>
</arguments>
<status status="PASS" starttime="20200412 19:21:07.110" endtime="20200412 19:21:07.110"></status>
</kw>
<msg timestamp="20200412 19:21:07.110" level="INFO">${min} = -1</msg>
<status status="PASS" starttime="20200412 19:21:07.110" endtime="20200412 19:21:07.110"></status>
</kw>
<status status="PASS" starttime="20200412 19:21:07.110" endtime="20200412 19:21:07.110"></status>
</kw>
<status status="PASS" starttime="20200412 19:21:07.110" endtime="20200412 19:21:07.110"></status>
</kw>
<msg timestamp="20200412 19:21:07.110" level="INFO">${result_min} = -1</msg>
<status status="PASS" starttime="20200412 19:21:07.110" endtime="20200412 19:21:07.110"></status>
</kw>
<kw name="Log" library="BuiltIn">
<doc>Logs the given message with the given level.</doc>
<arguments>
<arg>Minimum number is ${result_min}</arg>
</arguments>
<msg timestamp="20200412 19:21:07.110" level="INFO">Minimum number is -1</msg>
<status status="PASS" starttime="20200412 19:21:07.110" endtime="20200412 19:21:07.110"></status>
</kw>
<status status="PASS" starttime="20200412 19:21:07.110" endtime="20200412 19:21:07.110" critical="yes"></status>
</test>
<test id="s1-t7" name="Test Avg, Min and Max">
<kw name="Average Operation" library="maths_op_resource">
<arguments>
<arg>@{list}</arg>
</arguments>
<assign>
<var>${result_average}</var>
</assign>
<kw name="Get Length" library="BuiltIn">
<doc>Returns and logs the length of the given item as an integer.</doc>
<arguments>
<arg>${argument_list}</arg>
</arguments>
<assign>
<var>${number_of_arguments}</var>
</assign>
<msg timestamp="20200412 19:21:07.110" level="INFO">Length is 6</msg>
<msg timestamp="20200412 19:21:07.110" level="INFO">${number_of_arguments} = 6</msg>
<status status="PASS" starttime="20200412 19:21:07.110" endtime="20200412 19:21:07.110"></status>
</kw>
<kw name="Set Variable" library="BuiltIn">
<doc>Returns the given values which can then be assigned to a variables.</doc>
<arguments>
<arg>0</arg>
</arguments>
<assign>
<var>${sum}</var>
</assign>
<msg timestamp="20200412 19:21:07.110" level="INFO">${sum} = 0</msg>
<status status="PASS" starttime="20200412 19:21:07.110" endtime="20200412 19:21:07.110"></status>
</kw>
<kw name="${argument} IN [ @{argument_list} ]" type="for">
<kw name="${argument} = 1" type="foritem">
<kw name="Evaluate" library="BuiltIn">
<doc>Evaluates the given expression in Python and returns the results.</doc>
<arguments>
<arg>${sum} + ${argument}</arg>
</arguments>
<assign>
<var>${sum}</var>
</assign>
<msg timestamp="20200412 19:21:07.110" level="INFO">${sum} = 1</msg>
<status status="PASS" starttime="20200412 19:21:07.110" endtime="20200412 19:21:07.110"></status>
</kw>
<status status="PASS" starttime="20200412 19:21:07.110" endtime="20200412 19:21:07.110"></status>
</kw>
<kw name="${argument} = 9" type="foritem">
<kw name="Evaluate" library="BuiltIn">
<doc>Evaluates the given expression in Python and returns the results.</doc>
<arguments>
<arg>${sum} + ${argument}</arg>
</arguments>
<assign>
<var>${sum}</var>
</assign>
<msg timestamp="20200412 19:21:07.110" level="INFO">${sum} = 10</msg>
<status status="PASS" starttime="20200412 19:21:07.110" endtime="20200412 19:21:07.110"></status>
</kw>
<status status="PASS" starttime="20200412 19:21:07.110" endtime="20200412 19:21:07.110"></status>
</kw>
<kw name="${argument} = 1" type="foritem">
<kw name="Evaluate" library="BuiltIn">
<doc>Evaluates the given expression in Python and returns the results.</doc>
<arguments>
<arg>${sum} + ${argument}</arg>
</arguments>
<assign>
<var>${sum}</var>
</assign>
<msg timestamp="20200412 19:21:07.125" level="INFO">${sum} = 11</msg>
<status status="PASS" starttime="20200412 19:21:07.110" endtime="20200412 19:21:07.125"></status>
</kw>
<status status="PASS" starttime="20200412 19:21:07.110" endtime="20200412 19:21:07.125"></status>
</kw>
<kw name="${argument} = -1" type="foritem">
<kw name="Evaluate" library="BuiltIn">
<doc>Evaluates the given expression in Python and returns the results.</doc>
<arguments>
<arg>${sum} + ${argument}</arg>
</arguments>
<assign>
<var>${sum}</var>
</assign>
<msg timestamp="20200412 19:21:07.125" level="INFO">${sum} = 10</msg>
<status status="PASS" starttime="20200412 19:21:07.125" endtime="20200412 19:21:07.125"></status>
</kw>
<status status="PASS" starttime="20200412 19:21:07.125" endtime="20200412 19:21:07.125"></status>
</kw>
<kw name="${argument} = 5" type="foritem">
<kw name="Evaluate" library="BuiltIn">
<doc>Evaluates the given expression in Python and returns the results.</doc>
<arguments>
<arg>${sum} + ${argument}</arg>
</arguments>
<assign>
<var>${sum}</var>
</assign>
<msg timestamp="20200412 19:21:07.125" level="INFO">${sum} = 15</msg>
<status status="PASS" starttime="20200412 19:21:07.125" endtime="20200412 19:21:07.125"></status>
</kw>
<status status="PASS" starttime="20200412 19:21:07.125" endtime="20200412 19:21:07.125"></status>
</kw>
<kw name="${argument} = 8" type="foritem">
<kw name="Evaluate" library="BuiltIn">
<doc>Evaluates the given expression in Python and returns the results.</doc>
<arguments>
<arg>${sum} + ${argument}</arg>
</arguments>
<assign>
<var>${sum}</var>
</assign>
<msg timestamp="20200412 19:21:07.125" level="INFO">${sum} = 23</msg>
<status status="PASS" starttime="20200412 19:21:07.125" endtime="20200412 19:21:07.125"></status>
</kw>
<status status="PASS" starttime="20200412 19:21:07.125" endtime="20200412 19:21:07.125"></status>
</kw>
<status status="PASS" starttime="20200412 19:21:07.110" endtime="20200412 19:21:07.125"></status>
</kw>
<kw name="Evaluate" library="BuiltIn">
<doc>Evaluates the given expression in Python and returns the results.</doc>
<arguments>
<arg>${sum}/${number_of_arguments}</arg>
</arguments>
<assign>
<var>${average_result}</var>
</assign>
<msg timestamp="20200412 19:21:07.125" level="INFO">${average_result} = 3.8333333333333335</msg>
<status status="PASS" starttime="20200412 19:21:07.125" endtime="20200412 19:21:07.125"></status>
</kw>
<msg timestamp="20200412 19:21:07.125" level="INFO">${result_average} = 3.8333333333333335</msg>
<status status="PASS" starttime="20200412 19:21:07.110" endtime="20200412 19:21:07.125"></status>
</kw>
<kw name="Maximum Number Operation" library="maths_op_resource">
<arguments>
<arg>@{list}</arg>
</arguments>
<assign>
<var>${result_max}</var>
</assign>
<kw name="Get Length" library="BuiltIn">
<doc>Returns and logs the length of the given item as an integer.</doc>
<arguments>
<arg>${argument_list}</arg>
</arguments>
<assign>
<var>${number_of_arguments}</var>
</assign>
<msg timestamp="20200412 19:21:07.125" level="INFO">Length is 6</msg>
<msg timestamp="20200412 19:21:07.125" level="INFO">${number_of_arguments} = 6</msg>
<status status="PASS" starttime="20200412 19:21:07.125" endtime="20200412 19:21:07.125"></status>
</kw>
<kw name="Set Variable" library="BuiltIn">
<doc>Returns the given values which can then be assigned to a variables.</doc>
<arguments>
<arg>@{argument_list}[0]</arg>
</arguments>
<assign>
<var>${max}</var>
</assign>
<msg timestamp="20200412 19:21:07.125" level="INFO">${max} = 1</msg>
<status status="PASS" starttime="20200412 19:21:07.125" endtime="20200412 19:21:07.125"></status>
</kw>
<kw name="${argument} IN [ @{argument_list} ]" type="for">
<kw name="${argument} = 1" type="foritem">
<kw name="Run Keyword If" library="BuiltIn">
<doc>Runs the given keyword with the given arguments, if ``condition`` is true.</doc>
<arguments>
<arg>${max}&gt;${argument}</arg>
<arg>Set Variable</arg>
<arg>${max}</arg>
<arg>ELSE</arg>
<arg>Set Variable</arg>
<arg>${argument}</arg>
</arguments>
<assign>
<var>${max}</var>
</assign>
<kw name="Set Variable" library="BuiltIn">
<doc>Returns the given values which can then be assigned to a variables.</doc>
<arguments>
<arg>${argument}</arg>
</arguments>
<status status="PASS" starttime="20200412 19:21:07.125" endtime="20200412 19:21:07.125"></status>
</kw>
<msg timestamp="20200412 19:21:07.125" level="INFO">${max} = 1</msg>
<status status="PASS" starttime="20200412 19:21:07.125" endtime="20200412 19:21:07.125"></status>
</kw>
<status status="PASS" starttime="20200412 19:21:07.125" endtime="20200412 19:21:07.125"></status>
</kw>
<kw name="${argument} = 9" type="foritem">
<kw name="Run Keyword If" library="BuiltIn">
<doc>Runs the given keyword with the given arguments, if ``condition`` is true.</doc>
<arguments>
<arg>${max}&gt;${argument}</arg>
<arg>Set Variable</arg>
<arg>${max}</arg>
<arg>ELSE</arg>
<arg>Set Variable</arg>
<arg>${argument}</arg>
</arguments>
<assign>
<var>${max}</var>
</assign>
<kw name="Set Variable" library="BuiltIn">
<doc>Returns the given values which can then be assigned to a variables.</doc>
<arguments>
<arg>${argument}</arg>
</arguments>
<status status="PASS" starttime="20200412 19:21:07.125" endtime="20200412 19:21:07.125"></status>
</kw>
<msg timestamp="20200412 19:21:07.125" level="INFO">${max} = 9</msg>
<status status="PASS" starttime="20200412 19:21:07.125" endtime="20200412 19:21:07.125"></status>
</kw>
<status status="PASS" starttime="20200412 19:21:07.125" endtime="20200412 19:21:07.125"></status>
</kw>
<kw name="${argument} = 1" type="foritem">
<kw name="Run Keyword If" library="BuiltIn">
<doc>Runs the given keyword with the given arguments, if ``condition`` is true.</doc>
<arguments>
<arg>${max}&gt;${argument}</arg>
<arg>Set Variable</arg>
<arg>${max}</arg>
<arg>ELSE</arg>
<arg>Set Variable</arg>
<arg>${argument}</arg>
</arguments>
<assign>
<var>${max}</var>
</assign>
<kw name="Set Variable" library="BuiltIn">
<doc>Returns the given values which can then be assigned to a variables.</doc>
<arguments>
<arg>${max}</arg>
</arguments>
<status status="PASS" starttime="20200412 19:21:07.125" endtime="20200412 19:21:07.125"></status>
</kw>
<msg timestamp="20200412 19:21:07.125" level="INFO">${max} = 9</msg>
<status status="PASS" starttime="20200412 19:21:07.125" endtime="20200412 19:21:07.125"></status>
</kw>
<status status="PASS" starttime="20200412 19:21:07.125" endtime="20200412 19:21:07.125"></status>
</kw>
<kw name="${argument} = -1" type="foritem">
<kw name="Run Keyword If" library="BuiltIn">
<doc>Runs the given keyword with the given arguments, if ``condition`` is true.</doc>
<arguments>
<arg>${max}&gt;${argument}</arg>
<arg>Set Variable</arg>
<arg>${max}</arg>
<arg>ELSE</arg>
<arg>Set Variable</arg>
<arg>${argument}</arg>
</arguments>
<assign>
<var>${max}</var>
</assign>
<kw name="Set Variable" library="BuiltIn">
<doc>Returns the given values which can then be assigned to a variables.</doc>
<arguments>
<arg>${max}</arg>
</arguments>
<status status="PASS" starttime="20200412 19:21:07.125" endtime="20200412 19:21:07.125"></status>
</kw>
<msg timestamp="20200412 19:21:07.125" level="INFO">${max} = 9</msg>
<status status="PASS" starttime="20200412 19:21:07.125" endtime="20200412 19:21:07.125"></status>
</kw>
<status status="PASS" starttime="20200412 19:21:07.125" endtime="20200412 19:21:07.125"></status>
</kw>
<kw name="${argument} = 5" type="foritem">
<kw name="Run Keyword If" library="BuiltIn">
<doc>Runs the given keyword with the given arguments, if ``condition`` is true.</doc>
<arguments>
<arg>${max}&gt;${argument}</arg>
<arg>Set Variable</arg>
<arg>${max}</arg>
<arg>ELSE</arg>
<arg>Set Variable</arg>
<arg>${argument}</arg>
</arguments>
<assign>
<var>${max}</var>
</assign>
<kw name="Set Variable" library="BuiltIn">
<doc>Returns the given values which can then be assigned to a variables.</doc>
<arguments>
<arg>${max}</arg>
</arguments>
<status status="PASS" starttime="20200412 19:21:07.125" endtime="20200412 19:21:07.125"></status>
</kw>
<msg timestamp="20200412 19:21:07.125" level="INFO">${max} = 9</msg>
<status status="PASS" starttime="20200412 19:21:07.125" endtime="20200412 19:21:07.125"></status>
</kw>
<status status="PASS" starttime="20200412 19:21:07.125" endtime="20200412 19:21:07.125"></status>
</kw>
<kw name="${argument} = 8" type="foritem">
<kw name="Run Keyword If" library="BuiltIn">
<doc>Runs the given keyword with the given arguments, if ``condition`` is true.</doc>
<arguments>
<arg>${max}&gt;${argument}</arg>
<arg>Set Variable</arg>
<arg>${max}</arg>
<arg>ELSE</arg>
<arg>Set Variable</arg>
<arg>${argument}</arg>
</arguments>
<assign>
<var>${max}</var>
</assign>
<kw name="Set Variable" library="BuiltIn">
<doc>Returns the given values which can then be assigned to a variables.</doc>
<arguments>
<arg>${max}</arg>
</arguments>
<status status="PASS" starttime="20200412 19:21:07.125" endtime="20200412 19:21:07.125"></status>
</kw>
<msg timestamp="20200412 19:21:07.125" level="INFO">${max} = 9</msg>
<status status="PASS" starttime="20200412 19:21:07.125" endtime="20200412 19:21:07.125"></status>
</kw>
<status status="PASS" starttime="20200412 19:21:07.125" endtime="20200412 19:21:07.125"></status>
</kw>
<status status="PASS" starttime="20200412 19:21:07.125" endtime="20200412 19:21:07.125"></status>
</kw>
<msg timestamp="20200412 19:21:07.125" level="INFO">${result_max} = 9</msg>
<status status="PASS" starttime="20200412 19:21:07.125" endtime="20200412 19:21:07.125"></status>
</kw>
<kw name="Minimum Number Operation" library="maths_op_resource">
<arguments>
<arg>@{list}</arg>
</arguments>
<assign>
<var>${result_min}</var>
</assign>
<kw name="Get Length" library="BuiltIn">
<doc>Returns and logs the length of the given item as an integer.</doc>
<arguments>
<arg>${argument_list}</arg>
</arguments>
<assign>
<var>${number_of_arguments}</var>
</assign>
<msg timestamp="20200412 19:21:07.125" level="INFO">Length is 6</msg>
<msg timestamp="20200412 19:21:07.125" level="INFO">${number_of_arguments} = 6</msg>
<status status="PASS" starttime="20200412 19:21:07.125" endtime="20200412 19:21:07.125"></status>
</kw>
<kw name="Set Variable" library="BuiltIn">
<doc>Returns the given values which can then be assigned to a variables.</doc>
<arguments>
<arg>@{argument_list}[0]</arg>
</arguments>
<assign>
<var>${min}</var>
</assign>
<msg timestamp="20200412 19:21:07.125" level="INFO">${min} = 1</msg>
<status status="PASS" starttime="20200412 19:21:07.125" endtime="20200412 19:21:07.125"></status>
</kw>
<kw name="${argument} IN [ @{argument_list} ]" type="for">
<kw name="${argument} = 1" type="foritem">
<kw name="Run Keyword If" library="BuiltIn">
<doc>Runs the given keyword with the given arguments, if ``condition`` is true.</doc>
<arguments>
<arg>${min}&lt;${argument}</arg>
<arg>Set Variable</arg>
<arg>${min}</arg>
<arg>ELSE</arg>
<arg>Set Variable</arg>
<arg>${argument}</arg>
</arguments>
<assign>
<var>${min}</var>
</assign>
<kw name="Set Variable" library="BuiltIn">
<doc>Returns the given values which can then be assigned to a variables.</doc>
<arguments>
<arg>${argument}</arg>
</arguments>
<status status="PASS" starttime="20200412 19:21:07.125" endtime="20200412 19:21:07.125"></status>
</kw>
<msg timestamp="20200412 19:21:07.125" level="INFO">${min} = 1</msg>
<status status="PASS" starttime="20200412 19:21:07.125" endtime="20200412 19:21:07.125"></status>
</kw>
<status status="PASS" starttime="20200412 19:21:07.125" endtime="20200412 19:21:07.125"></status>
</kw>
<kw name="${argument} = 9" type="foritem">
<kw name="Run Keyword If" library="BuiltIn">
<doc>Runs the given keyword with the given arguments, if ``condition`` is true.</doc>
<arguments>
<arg>${min}&lt;${argument}</arg>
<arg>Set Variable</arg>
<arg>${min}</arg>
<arg>ELSE</arg>
<arg>Set Variable</arg>
<arg>${argument}</arg>
</arguments>
<assign>
<var>${min}</var>
</assign>
<kw name="Set Variable" library="BuiltIn">
<doc>Returns the given values which can then be assigned to a variables.</doc>
<arguments>
<arg>${min}</arg>
</arguments>
<status status="PASS" starttime="20200412 19:21:07.125" endtime="20200412 19:21:07.125"></status>
</kw>
<msg timestamp="20200412 19:21:07.125" level="INFO">${min} = 1</msg>
<status status="PASS" starttime="20200412 19:21:07.125" endtime="20200412 19:21:07.125"></status>
</kw>
<status status="PASS" starttime="20200412 19:21:07.125" endtime="20200412 19:21:07.125"></status>
</kw>
<kw name="${argument} = 1" type="foritem">
<kw name="Run Keyword If" library="BuiltIn">
<doc>Runs the given keyword with the given arguments, if ``condition`` is true.</doc>
<arguments>
<arg>${min}&lt;${argument}</arg>
<arg>Set Variable</arg>
<arg>${min}</arg>
<arg>ELSE</arg>
<arg>Set Variable</arg>
<arg>${argument}</arg>
</arguments>
<assign>
<var>${min}</var>
</assign>
<kw name="Set Variable" library="BuiltIn">
<doc>Returns the given values which can then be assigned to a variables.</doc>
<arguments>
<arg>${argument}</arg>
</arguments>
<status status="PASS" starttime="20200412 19:21:07.125" endtime="20200412 19:21:07.125"></status>
</kw>
<msg timestamp="20200412 19:21:07.125" level="INFO">${min} = 1</msg>
<status status="PASS" starttime="20200412 19:21:07.125" endtime="20200412 19:21:07.125"></status>
</kw>
<status status="PASS" starttime="20200412 19:21:07.125" endtime="20200412 19:21:07.125"></status>
</kw>
<kw name="${argument} = -1" type="foritem">
<kw name="Run Keyword If" library="BuiltIn">
<doc>Runs the given keyword with the given arguments, if ``condition`` is true.</doc>
<arguments>
<arg>${min}&lt;${argument}</arg>
<arg>Set Variable</arg>
<arg>${min}</arg>
<arg>ELSE</arg>
<arg>Set Variable</arg>
<arg>${argument}</arg>
</arguments>
<assign>
<var>${min}</var>
</assign>
<kw name="Set Variable" library="BuiltIn">
<doc>Returns the given values which can then be assigned to a variables.</doc>
<arguments>
<arg>${argument}</arg>
</arguments>
<status status="PASS" starttime="20200412 19:21:07.125" endtime="20200412 19:21:07.125"></status>
</kw>
<msg timestamp="20200412 19:21:07.125" level="INFO">${min} = -1</msg>
<status status="PASS" starttime="20200412 19:21:07.125" endtime="20200412 19:21:07.125"></status>
</kw>
<status status="PASS" starttime="20200412 19:21:07.125" endtime="20200412 19:21:07.125"></status>
</kw>
<kw name="${argument} = 5" type="foritem">
<kw name="Run Keyword If" library="BuiltIn">
<doc>Runs the given keyword with the given arguments, if ``condition`` is true.</doc>
<arguments>
<arg>${min}&lt;${argument}</arg>
<arg>Set Variable</arg>
<arg>${min}</arg>
<arg>ELSE</arg>
<arg>Set Variable</arg>
<arg>${argument}</arg>
</arguments>
<assign>
<var>${min}</var>
</assign>
<kw name="Set Variable" library="BuiltIn">
<doc>Returns the given values which can then be assigned to a variables.</doc>
<arguments>
<arg>${min}</arg>
</arguments>
<status status="PASS" starttime="20200412 19:21:07.125" endtime="20200412 19:21:07.125"></status>
</kw>
<msg timestamp="20200412 19:21:07.125" level="INFO">${min} = -1</msg>
<status status="PASS" starttime="20200412 19:21:07.125" endtime="20200412 19:21:07.125"></status>
</kw>
<status status="PASS" starttime="20200412 19:21:07.125" endtime="20200412 19:21:07.125"></status>
</kw>
<kw name="${argument} = 8" type="foritem">
<kw name="Run Keyword If" library="BuiltIn">
<doc>Runs the given keyword with the given arguments, if ``condition`` is true.</doc>
<arguments>
<arg>${min}&lt;${argument}</arg>
<arg>Set Variable</arg>
<arg>${min}</arg>
<arg>ELSE</arg>
<arg>Set Variable</arg>
<arg>${argument}</arg>
</arguments>
<assign>
<var>${min}</var>
</assign>
<kw name="Set Variable" library="BuiltIn">
<doc>Returns the given values which can then be assigned to a variables.</doc>
<arguments>
<arg>${min}</arg>
</arguments>
<status status="PASS" starttime="20200412 19:21:07.125" endtime="20200412 19:21:07.125"></status>
</kw>
<msg timestamp="20200412 19:21:07.125" level="INFO">${min} = -1</msg>
<status status="PASS" starttime="20200412 19:21:07.125" endtime="20200412 19:21:07.125"></status>
</kw>
<status status="PASS" starttime="20200412 19:21:07.125" endtime="20200412 19:21:07.125"></status>
</kw>
<status status="PASS" starttime="20200412 19:21:07.125" endtime="20200412 19:21:07.125"></status>
</kw>
<msg timestamp="20200412 19:21:07.125" level="INFO">${result_min} = -1</msg>
<status status="PASS" starttime="20200412 19:21:07.125" endtime="20200412 19:21:07.125"></status>
</kw>
<kw name="Log" library="BuiltIn">
<doc>Logs the given message with the given level.</doc>
<arguments>
<arg>Data is @{list}</arg>
</arguments>
<msg timestamp="20200412 19:21:07.125" level="INFO">Data is ['1', '9', '1', '-1', '5', '8']</msg>
<status status="PASS" starttime="20200412 19:21:07.125" endtime="20200412 19:21:07.125"></status>
</kw>
<kw name="Log" library="BuiltIn">
<doc>Logs the given message with the given level.</doc>
<arguments>
<arg>Average is ${result_average}</arg>
</arguments>
<msg timestamp="20200412 19:21:07.125" level="INFO">Average is 3.8333333333333335</msg>
<status status="PASS" starttime="20200412 19:21:07.125" endtime="20200412 19:21:07.125"></status>
</kw>
<kw name="Log" library="BuiltIn">
<doc>Logs the given message with the given level.</doc>
<arguments>
<arg>Maximum number is ${result_max}</arg>
</arguments>
<msg timestamp="20200412 19:21:07.125" level="INFO">Maximum number is 9</msg>
<status status="PASS" starttime="20200412 19:21:07.125" endtime="20200412 19:21:07.125"></status>
</kw>
<kw name="Log" library="BuiltIn">
<doc>Logs the given message with the given level.</doc>
<arguments>
<arg>Minimum number is ${result_min}</arg>
</arguments>
<msg timestamp="20200412 19:21:07.125" level="INFO">Minimum number is -1</msg>
<status status="PASS" starttime="20200412 19:21:07.125" endtime="20200412 19:21:07.125"></status>
</kw>
<status status="PASS" starttime="20200412 19:21:07.110" endtime="20200412 19:21:07.125" critical="yes"></status>
</test>
<test id="s1-t8" name="Test mod operation">
<kw name="Modular Operation" library="maths_op_resource">
<arguments>
<arg>${number1}</arg>
<arg>${number3}</arg>
</arguments>
<assign>
<var>${result_mod}</var>
</assign>
<kw name="Evaluate" library="BuiltIn">
<doc>Evaluates the given expression in Python and returns the results.</doc>
<arguments>
<arg>${number1}%${number2}</arg>
</arguments>
<assign>
<var>${result}</var>
</assign>
<msg timestamp="20200412 19:21:07.125" level="INFO">${result} = 0</msg>
<status status="PASS" starttime="20200412 19:21:07.125" endtime="20200412 19:21:07.125"></status>
</kw>
<msg timestamp="20200412 19:21:07.125" level="INFO">${result_mod} = 0</msg>
<status status="PASS" starttime="20200412 19:21:07.125" endtime="20200412 19:21:07.125"></status>
</kw>
<kw name="Log" library="BuiltIn">
<doc>Logs the given message with the given level.</doc>
<arguments>
<arg>The reminder of ${number1} divided by ${number3} is ${result_mod}</arg>
</arguments>
<msg timestamp="20200412 19:21:07.125" level="INFO">The reminder of 10 divided by 2 is 0</msg>
<status status="PASS" starttime="20200412 19:21:07.125" endtime="20200412 19:21:07.125"></status>
</kw>
<status status="PASS" starttime="20200412 19:21:07.125" endtime="20200412 19:21:07.125" critical="yes"></status>
</test>
<status status="PASS" starttime="20200412 19:21:07.063" endtime="20200412 19:21:07.125"></status>
</suite>
<statistics>
<total>
<stat pass="8" fail="0">Critical Tests</stat>
<stat pass="8" fail="0">All Tests</stat>
</total>
<tag>
</tag>
<suite>
<stat pass="8" fail="0" id="s1" name="Maths Operations">Maths Operations</stat>
</suite>
</statistics>
<errors>
</errors>
</robot>
